Using pre-set license
Built from '2021.3/staging' branch; Version is '2021.3.15f1 (e8e88683f834) revision 15263878'; Using compiler version '192829333'; Build Type 'Release'
OS: 'Windows 11  (10.0.26100) 64bit Core' Language: 'en' Physical Memory: 7883 MB
BatchMode: 1, IsHumanControllingUs: 0, StartBugReporterOnCrash: 0, Is64bit: 1, IsPro: 1

COMMAND LINE ARGUMENTS:
C:\Program Files\Unity\Hub\Editor\2021.3.15f1\Editor\Unity.exe
-adb2
-batchMode
-noUpm
-name
AssetImportWorker0
-projectPath
C:/Users/xvozi/Desktop/Unplanned obsolescence
-logFile
Logs/AssetImportWorker0.log
-srvPort
57687
Successfully changed project path to: C:/Users/xvozi/Desktop/Unplanned obsolescence
C:/Users/xvozi/Desktop/Unplanned obsolescence
[UnityMemory] Configuration Parameters - Can be set up in boot.config
    "memorysetup-bucket-allocator-granularity=16"
    "memorysetup-bucket-allocator-bucket-count=8"
    "memorysetup-bucket-allocator-block-size=33554432"
    "memorysetup-bucket-allocator-block-count=8"
    "memorysetup-main-allocator-block-size=16777216"
    "memorysetup-thread-allocator-block-size=16777216"
    "memorysetup-gfx-main-allocator-block-size=16777216"
    "memorysetup-gfx-thread-allocator-block-size=16777216"
    "memorysetup-cache-allocator-block-size=4194304"
    "memorysetup-typetree-allocator-block-size=2097152"
    "memorysetup-profiler-bucket-allocator-granularity=16"
    "memorysetup-profiler-bucket-allocator-bucket-count=8"
    "memorysetup-profiler-bucket-allocator-block-size=33554432"
    "memorysetup-profiler-bucket-allocator-block-count=8"
    "memorysetup-profiler-allocator-block-size=16777216"
    "memorysetup-profiler-editor-allocator-block-size=1048576"
    "memorysetup-temp-allocator-size-main=16777216"
    "memorysetup-job-temp-allocator-block-size=2097152"
    "memorysetup-job-temp-allocator-block-size-background=1048576"
    "memorysetup-job-temp-allocator-reduction-small-platforms=262144"
    "memorysetup-temp-allocator-size-background-worker=32768"
    "memorysetup-temp-allocator-size-job-worker=262144"
    "memorysetup-temp-allocator-size-preload-manager=33554432"
    "memorysetup-temp-allocator-size-nav-mesh-worker=65536"
    "memorysetup-temp-allocator-size-audio-worker=65536"
    "memorysetup-temp-allocator-size-cloud-worker=32768"
    "memorysetup-temp-allocator-size-gi-baking-worker=262144"
    "memorysetup-temp-allocator-size-gfx=262144"
Player connection [16128] Host "[IP] 192.168.0.32 [Port] 0 [Flags] 2 [Guid] 315773269 [EditorId] 315773269 [Version] 1048832 [Id] WindowsEditor(7,NX) [Debug] 1 [PackageName] WindowsEditor [ProjectName] Editor" joined multi-casting on [225.0.0.222:54997]...

Player connection [16128] Host "[IP] 192.168.0.32 [Port] 0 [Flags] 2 [Guid] 315773269 [EditorId] 315773269 [Version] 1048832 [Id] WindowsEditor(7,NX) [Debug] 1 [PackageName] WindowsEditor [ProjectName] Editor" joined alternative multi-casting on [225.0.0.222:34997]...

Refreshing native plugins compatible for Editor in 115.58 ms, found 3 plugins.
Preloading 0 native plugins for Editor in 0.00 ms.
Initialize engine version: 2021.3.15f1 (e8e88683f834)
[Subsystems] Discovering subsystems at path C:/Program Files/Unity/Hub/Editor/2021.3.15f1/Editor/Data/Resources/UnitySubsystems
[Subsystems] Discovering subsystems at path C:/Users/xvozi/Desktop/Unplanned obsolescence/Assets
GfxDevice: creating device client; threaded=0; jobified=0
Direct3D:
    Version:  Direct3D 11.0 [level 11.1]
    Renderer: Intel(R) Iris(R) Xe Graphics (ID=0x9a49)
    Vendor:   Intel
    VRAM:     3941 MB
    Driver:   30.0.101.3111
Initialize mono
Mono path[0] = 'C:/Program Files/Unity/Hub/Editor/2021.3.15f1/Editor/Data/Managed'
Mono path[1] = 'C:/Program Files/Unity/Hub/Editor/2021.3.15f1/Editor/Data/MonoBleedingEdge/lib/mono/unityjit-win32'
Mono config path = 'C:/Program Files/Unity/Hub/Editor/2021.3.15f1/Editor/Data/MonoBleedingEdge/etc'
Using monoOptions --debugger-agent=transport=dt_socket,embedding=1,server=y,suspend=n,address=127.0.0.1:56212
Begin MonoManager ReloadAssembly
Registering precompiled unity dll's ...
Register platform support module: C:/Program Files/Unity/Hub/Editor/2021.3.15f1/Editor/Data/PlaybackEngines/WindowsStandaloneSupport/UnityEditor.WindowsStandalone.Extensions.dll
Registered in 0.006733 seconds.
Native extension for WindowsStandalone target not found
Refreshing native plugins compatible for Editor in 81.63 ms, found 3 plugins.
Preloading 0 native plugins for Editor in 0.00 ms.
Mono: successfully reloaded assembly
- Completed reload, in  0.697 seconds
Domain Reload Profiling:
	ReloadAssembly (697ms)
		BeginReloadAssembly (114ms)
			ExecutionOrderSort (0ms)
			DisableScriptedObjects (0ms)
			BackupInstance (0ms)
			ReleaseScriptingObjects (0ms)
			CreateAndSetChildDomain (1ms)
		EndReloadAssembly (478ms)
			LoadAssemblies (112ms)
			RebuildTransferFunctionScriptingTraits (0ms)
			SetupTypeCache (114ms)
			ReleaseScriptCaches (0ms)
			RebuildScriptCaches (35ms)
			SetupLoadedEditorAssemblies (268ms)
				LogAssemblyErrors (0ms)
				InitializePlatformSupportModulesInManaged (7ms)
				SetLoadedEditorAssemblies (0ms)
				RefreshPlugins (82ms)
				BeforeProcessingInitializeOnLoad (2ms)
				ProcessInitializeOnLoadAttributes (132ms)
				ProcessInitializeOnLoadMethodAttributes (45ms)
				AfterProcessingInitializeOnLoad (0ms)
				EditorAssembliesLoaded (0ms)
			ExecutionOrderSort2 (0ms)
			AwakeInstancesAfterBackupRestoration (0ms)
Platform modules already initialized, skipping
Registering precompiled user dll's ...
Registered in 0.007280 seconds.
Begin MonoManager ReloadAssembly
Symbol file LoadedFromMemory doesn't match image C:\Users\xvozi\Desktop\Unplanned obsolescence\Library\PackageCache\com.unity.visualscripting@1.7.8\Editor\VisualScripting.Core\Dependencies\YamlDotNet\Unity.VisualScripting.YamlDotNet.dll
Symbol file LoadedFromMemory doesn't match image C:\Users\xvozi\Desktop\Unplanned obsolescence\Library\PackageCache\com.unity.visualscripting@1.7.8\Editor\VisualScripting.Core\Dependencies\DotNetZip\Unity.VisualScripting.IonicZip.dll
Native extension for WindowsStandalone target not found
Refreshing native plugins compatible for Editor in 0.74 ms, found 3 plugins.
Preloading 0 native plugins for Editor in 0.00 ms.
Mono: successfully reloaded assembly
- Completed reload, in  0.997 seconds
Domain Reload Profiling:
	ReloadAssembly (998ms)
		BeginReloadAssembly (100ms)
			ExecutionOrderSort (0ms)
			DisableScriptedObjects (5ms)
			BackupInstance (0ms)
			ReleaseScriptingObjects (0ms)
			CreateAndSetChildDomain (19ms)
		EndReloadAssembly (792ms)
			LoadAssemblies (130ms)
			RebuildTransferFunctionScriptingTraits (0ms)
			SetupTypeCache (255ms)
			ReleaseScriptCaches (1ms)
			RebuildScriptCaches (48ms)
			SetupLoadedEditorAssemblies (328ms)
				LogAssemblyErrors (0ms)
				InitializePlatformSupportModulesInManaged (4ms)
				SetLoadedEditorAssemblies (0ms)
				RefreshPlugins (1ms)
				BeforeProcessingInitializeOnLoad (75ms)
				ProcessInitializeOnLoadAttributes (215ms)
				ProcessInitializeOnLoadMethodAttributes (28ms)
				AfterProcessingInitializeOnLoad (5ms)
				EditorAssembliesLoaded (0ms)
			ExecutionOrderSort2 (0ms)
			AwakeInstancesAfterBackupRestoration (5ms)
Platform modules already initialized, skipping
========================================================================
Worker process is ready to serve import requests
Launched and connected shader compiler UnityShaderCompiler.exe after 0.05 seconds
Refreshing native plugins compatible for Editor in 0.61 ms, found 3 plugins.
Preloading 0 native plugins for Editor in 0.00 ms.
Unloading 3438 Unused Serialized files (Serialized files now loaded: 0)
Unloading 25 unused Assets / (56.5 KB). Loaded Objects now: 3919.
Memory consumption went from 130.8 MB to 130.7 MB.
Total: 2.848100 ms (FindLiveObjects: 0.294900 ms CreateObjectMapping: 0.159300 ms MarkObjects: 2.296800 ms  DeleteObjects: 0.095800 ms)

AssetImportParameters requested are different than current active one (requested -> active):
  custom:video-decoder-ogg-theora: a1e56fd34408186e4bbccfd4996cb3dc -> 
  custom:container-muxer-webm: aa71ff27fc2769a1b78a27578f13a17b -> 
  custom:container-demuxer-webm: 4f35f7cbe854078d1ac9338744f61a02 -> 
  custom:video-encoder-webm-vp8: eb34c28f22e8b96e1ab97ce403110664 -> 
  custom:audio-encoder-webm-vorbis: bf7c407c2cedff20999df2af8eb42d56 -> 
  custom:framework-win-MediaFoundation: 216162199b28c13a410421893ffa2e32 -> 
  custom:container-demuxer-ogg: 62fdf1f143b41e24485cea50d1cbac27 -> 
  custom:video-decoder-webm-vp8: 9c59270c3fd7afecdb556c50c9e8de78 -> 
  custom:audio-decoder-ogg-vorbis: bf7c407c2cedff20999df2af8eb42d56 -> 
========================================================================
Received Import Request.
  Time since last request: 1337092.239049 seconds.
  path: Assets/Projectiles/EnemyProjectiles/SpawnerBossShooting.prefab
  artifactKey: Guid(4b8f6e7a48fe6b64a9be5253a6978e18) Importer(815301076,1909f56bfc062723c751e8b465ee728b)
Start importing Assets/Projectiles/EnemyProjectiles/SpawnerBossShooting.prefab using Guid(4b8f6e7a48fe6b64a9be5253a6978e18) Importer(815301076,1909f56bfc062723c751e8b465ee728b)  -> (artifact id: '1731f3fbc28466063db0098cc4c00f64') in 0.210834 seconds 
========================================================================
Received Import Request.
  Time since last request: 13.387984 seconds.
  path: Assets/Projectiles/EnemyProjectiles/SpawnerBossSide.prefab
  artifactKey: Guid(05d6863b52d50e944a9498b03037a1fe) Importer(815301076,1909f56bfc062723c751e8b465ee728b)
Start importing Assets/Projectiles/EnemyProjectiles/SpawnerBossSide.prefab using Guid(05d6863b52d50e944a9498b03037a1fe) Importer(815301076,1909f56bfc062723c751e8b465ee728b)  -> (artifact id: 'e15b9d560deffecece20dbb3af9ca5d8') in 0.031908 seconds 
========================================================================
Received Import Request.
  Time since last request: 5.515364 seconds.
  path: Assets/Projectiles/EnemyProjectiles/SpawnerBossShooting.prefab
  artifactKey: Guid(4b8f6e7a48fe6b64a9be5253a6978e18) Importer(815301076,1909f56bfc062723c751e8b465ee728b)
Start importing Assets/Projectiles/EnemyProjectiles/SpawnerBossShooting.prefab using Guid(4b8f6e7a48fe6b64a9be5253a6978e18) Importer(815301076,1909f56bfc062723c751e8b465ee728b)  -> (artifact id: 'a27fd92e0c51534f17dce30294db19da') in 0.030165 seconds 
========================================================================
Received Import Request.
  Time since last request: 203.349169 seconds.
  path: Assets/Scripts/Node.cs
  artifactKey: Guid(62c87adef1e3b094d9275d1bc177e760) Importer(815301076,1909f56bfc062723c751e8b465ee728b)
Start importing Assets/Scripts/Node.cs using Guid(62c87adef1e3b094d9275d1bc177e760) Importer(815301076,1909f56bfc062723c751e8b465ee728b)  -> (artifact id: '7ec527a7c957cd845f68a329ce1178bc') in 0.035607 seconds 
========================================================================
Received Prepare
Registering precompiled user dll's ...
Registered in 0.004955 seconds.
Begin MonoManager ReloadAssembly
Symbol file LoadedFromMemory doesn't match image C:\Users\xvozi\Desktop\Unplanned obsolescence\Library\PackageCache\com.unity.visualscripting@1.7.8\Editor\VisualScripting.Core\Dependencies\YamlDotNet\Unity.VisualScripting.YamlDotNet.dll
Symbol file LoadedFromMemory doesn't match image C:\Users\xvozi\Desktop\Unplanned obsolescence\Library\PackageCache\com.unity.visualscripting@1.7.8\Editor\VisualScripting.Core\Dependencies\DotNetZip\Unity.VisualScripting.IonicZip.dll
Native extension for WindowsStandalone target not found
Refreshing native plugins compatible for Editor in 1.00 ms, found 3 plugins.
Preloading 0 native plugins for Editor in 0.00 ms.
Mono: successfully reloaded assembly
- Completed reload, in  1.277 seconds
Domain Reload Profiling:
	ReloadAssembly (1279ms)
		BeginReloadAssembly (235ms)
			ExecutionOrderSort (0ms)
			DisableScriptedObjects (10ms)
			BackupInstance (0ms)
			ReleaseScriptingObjects (0ms)
			CreateAndSetChildDomain (85ms)
		EndReloadAssembly (932ms)
			LoadAssemblies (95ms)
			RebuildTransferFunctionScriptingTraits (1ms)
			SetupTypeCache (446ms)
			ReleaseScriptCaches (2ms)
			RebuildScriptCaches (41ms)
			SetupLoadedEditorAssemblies (322ms)
				LogAssemblyErrors (0ms)
				InitializePlatformSupportModulesInManaged (13ms)
				SetLoadedEditorAssemblies (1ms)
				RefreshPlugins (1ms)
				BeforeProcessingInitializeOnLoad (71ms)
				ProcessInitializeOnLoadAttributes (204ms)
				ProcessInitializeOnLoadMethodAttributes (24ms)
				AfterProcessingInitializeOnLoad (7ms)
				EditorAssembliesLoaded (0ms)
			ExecutionOrderSort2 (0ms)
			AwakeInstancesAfterBackupRestoration (5ms)
Platform modules already initialized, skipping
Refreshing native plugins compatible for Editor in 2.68 ms, found 3 plugins.
Preloading 0 native plugins for Editor in 0.00 ms.
Unloading 3431 Unused Serialized files (Serialized files now loaded: 0)
Unloading 20 unused Assets / (26.0 KB). Loaded Objects now: 3931.
Memory consumption went from 135.1 MB to 135.1 MB.
Total: 7.012500 ms (FindLiveObjects: 0.335500 ms CreateObjectMapping: 0.122700 ms MarkObjects: 6.152100 ms  DeleteObjects: 0.399500 ms)

AssetImportParameters requested are different than current active one (requested -> active):
  custom:video-decoder-ogg-theora: a1e56fd34408186e4bbccfd4996cb3dc -> 
  custom:container-muxer-webm: aa71ff27fc2769a1b78a27578f13a17b -> 
  custom:container-demuxer-webm: 4f35f7cbe854078d1ac9338744f61a02 -> 
  custom:video-encoder-webm-vp8: eb34c28f22e8b96e1ab97ce403110664 -> 
  custom:audio-encoder-webm-vorbis: bf7c407c2cedff20999df2af8eb42d56 -> 
  custom:framework-win-MediaFoundation: 216162199b28c13a410421893ffa2e32 -> 
  custom:container-demuxer-ogg: 62fdf1f143b41e24485cea50d1cbac27 -> 
  custom:video-decoder-webm-vp8: 9c59270c3fd7afecdb556c50c9e8de78 -> 
  custom:audio-decoder-ogg-vorbis: bf7c407c2cedff20999df2af8eb42d56 -> 
========================================================================
Received Import Request.
  Time since last request: 203.827675 seconds.
  path: Assets/Scripts/Enemies/SnakeGenerator.cs
  artifactKey: Guid(c3f80953c457220479cb81e40c76c890) Importer(815301076,1909f56bfc062723c751e8b465ee728b)
Start importing Assets/Scripts/Enemies/SnakeGenerator.cs using Guid(c3f80953c457220479cb81e40c76c890) Importer(815301076,1909f56bfc062723c751e8b465ee728b)  -> (artifact id: '976068cd649b7e6c00f8795f0216e1c2') in 0.029099 seconds 
========================================================================
Received Prepare
Registering precompiled user dll's ...
Registered in 0.006712 seconds.
Begin MonoManager ReloadAssembly
Symbol file LoadedFromMemory doesn't match image C:\Users\xvozi\Desktop\Unplanned obsolescence\Library\PackageCache\com.unity.visualscripting@1.7.8\Editor\VisualScripting.Core\Dependencies\YamlDotNet\Unity.VisualScripting.YamlDotNet.dll
Symbol file LoadedFromMemory doesn't match image C:\Users\xvozi\Desktop\Unplanned obsolescence\Library\PackageCache\com.unity.visualscripting@1.7.8\Editor\VisualScripting.Core\Dependencies\DotNetZip\Unity.VisualScripting.IonicZip.dll
Native extension for WindowsStandalone target not found
Refreshing native plugins compatible for Editor in 0.72 ms, found 3 plugins.
Preloading 0 native plugins for Editor in 0.00 ms.
Mono: successfully reloaded assembly
- Completed reload, in  1.102 seconds
Domain Reload Profiling:
	ReloadAssembly (1103ms)
		BeginReloadAssembly (180ms)
			ExecutionOrderSort (0ms)
			DisableScriptedObjects (9ms)
			BackupInstance (0ms)
			ReleaseScriptingObjects (0ms)
			CreateAndSetChildDomain (60ms)
		EndReloadAssembly (820ms)
			LoadAssemblies (84ms)
			RebuildTransferFunctionScriptingTraits (0ms)
			SetupTypeCache (332ms)
			ReleaseScriptCaches (3ms)
			RebuildScriptCaches (44ms)
			SetupLoadedEditorAssemblies (296ms)
				LogAssemblyErrors (0ms)
				InitializePlatformSupportModulesInManaged (17ms)
				SetLoadedEditorAssemblies (1ms)
				RefreshPlugins (1ms)
				BeforeProcessingInitializeOnLoad (60ms)
				ProcessInitializeOnLoadAttributes (191ms)
				ProcessInitializeOnLoadMethodAttributes (22ms)
				AfterProcessingInitializeOnLoad (4ms)
				EditorAssembliesLoaded (0ms)
			ExecutionOrderSort2 (0ms)
			AwakeInstancesAfterBackupRestoration (5ms)
Platform modules already initialized, skipping
Refreshing native plugins compatible for Editor in 1.77 ms, found 3 plugins.
Preloading 0 native plugins for Editor in 0.00 ms.
Unloading 3432 Unused Serialized files (Serialized files now loaded: 0)
Unloading 18 unused Assets / (24.6 KB). Loaded Objects now: 3935.
Memory consumption went from 135.1 MB to 135.1 MB.
Total: 3.176300 ms (FindLiveObjects: 0.274100 ms CreateObjectMapping: 0.124900 ms MarkObjects: 2.721800 ms  DeleteObjects: 0.054300 ms)

AssetImportParameters requested are different than current active one (requested -> active):
  custom:video-decoder-ogg-theora: a1e56fd34408186e4bbccfd4996cb3dc -> 
  custom:container-muxer-webm: aa71ff27fc2769a1b78a27578f13a17b -> 
  custom:container-demuxer-webm: 4f35f7cbe854078d1ac9338744f61a02 -> 
  custom:video-encoder-webm-vp8: eb34c28f22e8b96e1ab97ce403110664 -> 
  custom:audio-encoder-webm-vorbis: bf7c407c2cedff20999df2af8eb42d56 -> 
  custom:framework-win-MediaFoundation: 216162199b28c13a410421893ffa2e32 -> 
  custom:container-demuxer-ogg: 62fdf1f143b41e24485cea50d1cbac27 -> 
  custom:video-decoder-webm-vp8: 9c59270c3fd7afecdb556c50c9e8de78 -> 
  custom:audio-decoder-ogg-vorbis: bf7c407c2cedff20999df2af8eb42d56 -> 
========================================================================
Received Import Request.
  Time since last request: 8.908834 seconds.
  path: Assets/Scripts/Enemies/Snake.cs
  artifactKey: Guid(65303f6f1930e2f4e972a23223f94a3d) Importer(815301076,1909f56bfc062723c751e8b465ee728b)
Start importing Assets/Scripts/Enemies/Snake.cs using Guid(65303f6f1930e2f4e972a23223f94a3d) Importer(815301076,1909f56bfc062723c751e8b465ee728b)  -> (artifact id: '74ce5d463b39a9bac4efbb995237b253') in 0.026012 seconds 
========================================================================
Received Prepare
Registering precompiled user dll's ...
Registered in 0.007012 seconds.
Begin MonoManager ReloadAssembly
Symbol file LoadedFromMemory doesn't match image C:\Users\xvozi\Desktop\Unplanned obsolescence\Library\PackageCache\com.unity.visualscripting@1.7.8\Editor\VisualScripting.Core\Dependencies\YamlDotNet\Unity.VisualScripting.YamlDotNet.dll
Symbol file LoadedFromMemory doesn't match image C:\Users\xvozi\Desktop\Unplanned obsolescence\Library\PackageCache\com.unity.visualscripting@1.7.8\Editor\VisualScripting.Core\Dependencies\DotNetZip\Unity.VisualScripting.IonicZip.dll
Native extension for WindowsStandalone target not found
Refreshing native plugins compatible for Editor in 1.00 ms, found 3 plugins.
Preloading 0 native plugins for Editor in 0.00 ms.
Mono: successfully reloaded assembly
- Completed reload, in  1.596 seconds
Domain Reload Profiling:
	ReloadAssembly (1597ms)
		BeginReloadAssembly (236ms)
			ExecutionOrderSort (0ms)
			DisableScriptedObjects (10ms)
			BackupInstance (0ms)
			ReleaseScriptingObjects (0ms)
			CreateAndSetChildDomain (88ms)
		EndReloadAssembly (1253ms)
			LoadAssemblies (104ms)
			RebuildTransferFunctionScriptingTraits (0ms)
			SetupTypeCache (416ms)
			ReleaseScriptCaches (3ms)
			RebuildScriptCaches (115ms)
			SetupLoadedEditorAssemblies (531ms)
				LogAssemblyErrors (0ms)
				InitializePlatformSupportModulesInManaged (17ms)
				SetLoadedEditorAssemblies (1ms)
				RefreshPlugins (1ms)
				BeforeProcessingInitializeOnLoad (109ms)
				ProcessInitializeOnLoadAttributes (348ms)
				ProcessInitializeOnLoadMethodAttributes (44ms)
				AfterProcessingInitializeOnLoad (10ms)
				EditorAssembliesLoaded (0ms)
			ExecutionOrderSort2 (0ms)
			AwakeInstancesAfterBackupRestoration (8ms)
Platform modules already initialized, skipping
Refreshing native plugins compatible for Editor in 5.04 ms, found 3 plugins.
Preloading 0 native plugins for Editor in 0.00 ms.
Unloading 3432 Unused Serialized files (Serialized files now loaded: 0)
Unloading 18 unused Assets / (24.6 KB). Loaded Objects now: 3938.
Memory consumption went from 135.1 MB to 135.1 MB.
Total: 9.202800 ms (FindLiveObjects: 0.425500 ms CreateObjectMapping: 0.200400 ms MarkObjects: 8.508800 ms  DeleteObjects: 0.066200 ms)

AssetImportParameters requested are different than current active one (requested -> active):
  custom:video-decoder-ogg-theora: a1e56fd34408186e4bbccfd4996cb3dc -> 
  custom:container-muxer-webm: aa71ff27fc2769a1b78a27578f13a17b -> 
  custom:container-demuxer-webm: 4f35f7cbe854078d1ac9338744f61a02 -> 
  custom:video-encoder-webm-vp8: eb34c28f22e8b96e1ab97ce403110664 -> 
  custom:audio-encoder-webm-vorbis: bf7c407c2cedff20999df2af8eb42d56 -> 
  custom:framework-win-MediaFoundation: 216162199b28c13a410421893ffa2e32 -> 
  custom:container-demuxer-ogg: 62fdf1f143b41e24485cea50d1cbac27 -> 
  custom:video-decoder-webm-vp8: 9c59270c3fd7afecdb556c50c9e8de78 -> 
  custom:audio-decoder-ogg-vorbis: bf7c407c2cedff20999df2af8eb42d56 -> 
========================================================================
Received Import Request.
  Time since last request: 358.956817 seconds.
  path: Assets/Enemies/SnakeGenerator.fbx
  artifactKey: Guid(6b5d42e535eeffa418bffd940c807446) Importer(815301076,1909f56bfc062723c751e8b465ee728b)
Start importing Assets/Enemies/SnakeGenerator.fbx using Guid(6b5d42e535eeffa418bffd940c807446) Importer(815301076,1909f56bfc062723c751e8b465ee728b)  -> (artifact id: '852c7ecf5d2696d96328abe8c55a2bdc') in 0.234614 seconds 
========================================================================
Received Import Request.
  Time since last request: 13.817089 seconds.
  path: Assets/Enemies/SnakeRed 1.prefab
  artifactKey: Guid(907d18fa8a13d0d45bdaec41937285df) Importer(815301076,1909f56bfc062723c751e8b465ee728b)
Start importing Assets/Enemies/SnakeRed 1.prefab using Guid(907d18fa8a13d0d45bdaec41937285df) Importer(815301076,1909f56bfc062723c751e8b465ee728b)  -> (artifact id: '37ac6b43b1e49123031e409e737f8721') in 0.066123 seconds 
========================================================================
Received Import Request.
  Time since last request: 5.701631 seconds.
  path: Assets/Enemies/SnakeGenerator.prefab
  artifactKey: Guid(907d18fa8a13d0d45bdaec41937285df) Importer(815301076,1909f56bfc062723c751e8b465ee728b)
Start importing Assets/Enemies/SnakeGenerator.prefab using Guid(907d18fa8a13d0d45bdaec41937285df) Importer(815301076,1909f56bfc062723c751e8b465ee728b)  -> (artifact id: '1883a25df71a34bbf5e4f872fff72d83') in 0.041840 seconds 
========================================================================
Received Import Request.
  Time since last request: 13.029963 seconds.
  path: Assets/Enemies/Snake 1.prefab
  artifactKey: Guid(2cdf573eb6b9af44a93741470297c675) Importer(815301076,1909f56bfc062723c751e8b465ee728b)
Start importing Assets/Enemies/Snake 1.prefab using Guid(2cdf573eb6b9af44a93741470297c675) Importer(815301076,1909f56bfc062723c751e8b465ee728b)  -> (artifact id: '85c7668354e9fb241350d2cc1dba6b8c') in 0.046044 seconds 
========================================================================
Received Import Request.
  Time since last request: 5.746635 seconds.
  path: Assets/Enemies/SnakeGenerator.prefab
  artifactKey: Guid(2cdf573eb6b9af44a93741470297c675) Importer(815301076,1909f56bfc062723c751e8b465ee728b)
Start importing Assets/Enemies/SnakeGenerator.prefab using Guid(2cdf573eb6b9af44a93741470297c675) Importer(815301076,1909f56bfc062723c751e8b465ee728b)  -> (artifact id: '2386d14659e5c220665791afbcabf7b1') in 0.034354 seconds 
========================================================================
Received Import Request.
  Time since last request: 4.033164 seconds.
  path: Assets/Enemies/SnakeGenerator.prefab
  artifactKey: Guid(2cdf573eb6b9af44a93741470297c675) Importer(815301076,1909f56bfc062723c751e8b465ee728b)
Start importing Assets/Enemies/SnakeGenerator.prefab using Guid(2cdf573eb6b9af44a93741470297c675) Importer(815301076,1909f56bfc062723c751e8b465ee728b)  -> (artifact id: 'd8edb4e3f1bbe85b834660f3dc382a9e') in 0.039501 seconds 
========================================================================
Received Import Request.
  Time since last request: 1.396259 seconds.
  path: Assets/Enemies/SnakeGenerator.prefab
  artifactKey: Guid(2cdf573eb6b9af44a93741470297c675) Importer(815301076,1909f56bfc062723c751e8b465ee728b)
Start importing Assets/Enemies/SnakeGenerator.prefab using Guid(2cdf573eb6b9af44a93741470297c675) Importer(815301076,1909f56bfc062723c751e8b465ee728b)  -> (artifact id: 'f267fa3685350542859684f273b576f4') in 0.036984 seconds 
========================================================================
Received Import Request.
  Time since last request: 1.895730 seconds.
  path: Assets/Enemies/SnakeGenerator.prefab
  artifactKey: Guid(2cdf573eb6b9af44a93741470297c675) Importer(815301076,1909f56bfc062723c751e8b465ee728b)
Start importing Assets/Enemies/SnakeGenerator.prefab using Guid(2cdf573eb6b9af44a93741470297c675) Importer(815301076,1909f56bfc062723c751e8b465ee728b)  -> (artifact id: 'f00f0b49a5235dfafb33da8f68146b26') in 0.044445 seconds 
========================================================================
Received Import Request.
  Time since last request: 0.393520 seconds.
  path: Assets/Enemies/SnakeGenerator.prefab
  artifactKey: Guid(2cdf573eb6b9af44a93741470297c675) Importer(815301076,1909f56bfc062723c751e8b465ee728b)
Start importing Assets/Enemies/SnakeGenerator.prefab using Guid(2cdf573eb6b9af44a93741470297c675) Importer(815301076,1909f56bfc062723c751e8b465ee728b)  -> (artifact id: '7ede4f0b86f92dcab6c3078cc1c7f555') in 0.030496 seconds 
========================================================================
Received Import Request.
  Time since last request: 1.025430 seconds.
  path: Assets/Enemies/SnakeGenerator.prefab
  artifactKey: Guid(2cdf573eb6b9af44a93741470297c675) Importer(815301076,1909f56bfc062723c751e8b465ee728b)
Start importing Assets/Enemies/SnakeGenerator.prefab using Guid(2cdf573eb6b9af44a93741470297c675) Importer(815301076,1909f56bfc062723c751e8b465ee728b)  -> (artifact id: '13ef797e7d27d3d2131280267e0841fb') in 0.057469 seconds 
========================================================================
Received Import Request.
  Time since last request: 2.359689 seconds.
  path: Assets/Enemies/SnakeGenerator.prefab
  artifactKey: Guid(2cdf573eb6b9af44a93741470297c675) Importer(815301076,1909f56bfc062723c751e8b465ee728b)
Start importing Assets/Enemies/SnakeGenerator.prefab using Guid(2cdf573eb6b9af44a93741470297c675) Importer(815301076,1909f56bfc062723c751e8b465ee728b)  -> (artifact id: '067230809958c92ab85989f6a4a110e6') in 0.045107 seconds 
========================================================================
Received Import Request.
  Time since last request: 4.286446 seconds.
  path: Assets/Enemies/SnakeGenerator.prefab
  artifactKey: Guid(2cdf573eb6b9af44a93741470297c675) Importer(815301076,1909f56bfc062723c751e8b465ee728b)
Start importing Assets/Enemies/SnakeGenerator.prefab using Guid(2cdf573eb6b9af44a93741470297c675) Importer(815301076,1909f56bfc062723c751e8b465ee728b)  -> (artifact id: '5e163658b671eba87418fe9e03a806aa') in 0.057585 seconds 
========================================================================
Received Import Request.
  Time since last request: 2.264567 seconds.
  path: Assets/Enemies/SnakeGenerator.prefab
  artifactKey: Guid(2cdf573eb6b9af44a93741470297c675) Importer(815301076,1909f56bfc062723c751e8b465ee728b)
Start importing Assets/Enemies/SnakeGenerator.prefab using Guid(2cdf573eb6b9af44a93741470297c675) Importer(815301076,1909f56bfc062723c751e8b465ee728b)  -> (artifact id: 'ba4100ab39fc3d1912c47b8190684eb0') in 0.037803 seconds 
========================================================================
Received Import Request.
  Time since last request: 1.501322 seconds.
  path: Assets/Materials/Faint Red.mat
  artifactKey: Guid(cf658dd41173d8141a17ebd1817fcc91) Importer(815301076,1909f56bfc062723c751e8b465ee728b)
Start importing Assets/Materials/Faint Red.mat using Guid(cf658dd41173d8141a17ebd1817fcc91) Importer(815301076,1909f56bfc062723c751e8b465ee728b)  -> (artifact id: '551b384907e8852b1afa4b6b9d8c7d26') in 0.071171 seconds 
========================================================================
Received Prepare
Registering precompiled user dll's ...
Registered in 0.006275 seconds.
Begin MonoManager ReloadAssembly
Symbol file LoadedFromMemory doesn't match image C:\Users\xvozi\Desktop\Unplanned obsolescence\Library\PackageCache\com.unity.visualscripting@1.7.8\Editor\VisualScripting.Core\Dependencies\YamlDotNet\Unity.VisualScripting.YamlDotNet.dll
Symbol file LoadedFromMemory doesn't match image C:\Users\xvozi\Desktop\Unplanned obsolescence\Library\PackageCache\com.unity.visualscripting@1.7.8\Editor\VisualScripting.Core\Dependencies\DotNetZip\Unity.VisualScripting.IonicZip.dll
Native extension for WindowsStandalone target not found
Refreshing native plugins compatible for Editor in 0.81 ms, found 3 plugins.
Preloading 0 native plugins for Editor in 0.00 ms.
Mono: successfully reloaded assembly
- Completed reload, in  1.499 seconds
Domain Reload Profiling:
	ReloadAssembly (1500ms)
		BeginReloadAssembly (187ms)
			ExecutionOrderSort (0ms)
			DisableScriptedObjects (5ms)
			BackupInstance (0ms)
			ReleaseScriptingObjects (0ms)
			CreateAndSetChildDomain (75ms)
		EndReloadAssembly (1214ms)
			LoadAssemblies (106ms)
			RebuildTransferFunctionScriptingTraits (0ms)
			SetupTypeCache (692ms)
			ReleaseScriptCaches (3ms)
			RebuildScriptCaches (41ms)
			SetupLoadedEditorAssemblies (341ms)
				LogAssemblyErrors (0ms)
				InitializePlatformSupportModulesInManaged (14ms)
				SetLoadedEditorAssemblies (1ms)
				RefreshPlugins (1ms)
				BeforeProcessingInitializeOnLoad (89ms)
				ProcessInitializeOnLoadAttributes (205ms)
				ProcessInitializeOnLoadMethodAttributes (25ms)
				AfterProcessingInitializeOnLoad (5ms)
				EditorAssembliesLoaded (0ms)
			ExecutionOrderSort2 (0ms)
			AwakeInstancesAfterBackupRestoration (5ms)
Platform modules already initialized, skipping
Refreshing native plugins compatible for Editor in 1.68 ms, found 3 plugins.
Preloading 0 native plugins for Editor in 0.00 ms.
Unloading 3432 Unused Serialized files (Serialized files now loaded: 0)
Unloading 19 unused Assets / (25.4 KB). Loaded Objects now: 3978.
Memory consumption went from 135.5 MB to 135.5 MB.
Total: 3.933900 ms (FindLiveObjects: 0.269000 ms CreateObjectMapping: 0.115500 ms MarkObjects: 3.506400 ms  DeleteObjects: 0.041600 ms)

AssetImportParameters requested are different than current active one (requested -> active):
  custom:video-decoder-ogg-theora: a1e56fd34408186e4bbccfd4996cb3dc -> 
  custom:container-muxer-webm: aa71ff27fc2769a1b78a27578f13a17b -> 
  custom:container-demuxer-webm: 4f35f7cbe854078d1ac9338744f61a02 -> 
  custom:video-encoder-webm-vp8: eb34c28f22e8b96e1ab97ce403110664 -> 
  custom:audio-encoder-webm-vorbis: bf7c407c2cedff20999df2af8eb42d56 -> 
  custom:framework-win-MediaFoundation: 216162199b28c13a410421893ffa2e32 -> 
  custom:container-demuxer-ogg: 62fdf1f143b41e24485cea50d1cbac27 -> 
  custom:video-decoder-webm-vp8: 9c59270c3fd7afecdb556c50c9e8de78 -> 
  custom:audio-decoder-ogg-vorbis: bf7c407c2cedff20999df2af8eb42d56 -> 
========================================================================
Received Import Request.
  Time since last request: 108.360613 seconds.
  path: Assets/Enemies/SnakeGenerator.prefab
  artifactKey: Guid(2cdf573eb6b9af44a93741470297c675) Importer(815301076,1909f56bfc062723c751e8b465ee728b)
Start importing Assets/Enemies/SnakeGenerator.prefab using Guid(2cdf573eb6b9af44a93741470297c675) Importer(815301076,1909f56bfc062723c751e8b465ee728b)  -> (artifact id: '7874de3a364adb1c344ec877149340c3') in 0.128535 seconds 
========================================================================
Received Import Request.
  Time since last request: 2.964755 seconds.
  path: Assets/Enemies/SnakeGenerator.prefab
  artifactKey: Guid(2cdf573eb6b9af44a93741470297c675) Importer(815301076,1909f56bfc062723c751e8b465ee728b)
Start importing Assets/Enemies/SnakeGenerator.prefab using Guid(2cdf573eb6b9af44a93741470297c675) Importer(815301076,1909f56bfc062723c751e8b465ee728b)  -> (artifact id: '97d9ad004ea16a03398bd346f6467e0f') in 0.035634 seconds 
========================================================================
Received Prepare
Registering precompiled user dll's ...
Registered in 0.004158 seconds.
Begin MonoManager ReloadAssembly
Symbol file LoadedFromMemory doesn't match image C:\Users\xvozi\Desktop\Unplanned obsolescence\Library\PackageCache\com.unity.visualscripting@1.7.8\Editor\VisualScripting.Core\Dependencies\YamlDotNet\Unity.VisualScripting.YamlDotNet.dll
Symbol file LoadedFromMemory doesn't match image C:\Users\xvozi\Desktop\Unplanned obsolescence\Library\PackageCache\com.unity.visualscripting@1.7.8\Editor\VisualScripting.Core\Dependencies\DotNetZip\Unity.VisualScripting.IonicZip.dll
Native extension for WindowsStandalone target not found
Refreshing native plugins compatible for Editor in 0.64 ms, found 3 plugins.
Preloading 0 native plugins for Editor in 0.00 ms.
Mono: successfully reloaded assembly
- Completed reload, in  0.939 seconds
Domain Reload Profiling:
	ReloadAssembly (940ms)
		BeginReloadAssembly (148ms)
			ExecutionOrderSort (0ms)
			DisableScriptedObjects (6ms)
			BackupInstance (0ms)
			ReleaseScriptingObjects (0ms)
			CreateAndSetChildDomain (40ms)
		EndReloadAssembly (671ms)
			LoadAssemblies (82ms)
			RebuildTransferFunctionScriptingTraits (0ms)
			SetupTypeCache (242ms)
			ReleaseScriptCaches (2ms)
			RebuildScriptCaches (36ms)
			SetupLoadedEditorAssemblies (282ms)
				LogAssemblyErrors (0ms)
				InitializePlatformSupportModulesInManaged (10ms)
				SetLoadedEditorAssemblies (0ms)
				RefreshPlugins (1ms)
				BeforeProcessingInitializeOnLoad (58ms)
				ProcessInitializeOnLoadAttributes (180ms)
				ProcessInitializeOnLoadMethodAttributes (26ms)
				AfterProcessingInitializeOnLoad (5ms)
				EditorAssembliesLoaded (0ms)
			ExecutionOrderSort2 (0ms)
			AwakeInstancesAfterBackupRestoration (6ms)
Platform modules already initialized, skipping
Refreshing native plugins compatible for Editor in 1.57 ms, found 3 plugins.
Preloading 0 native plugins for Editor in 0.00 ms.
Unloading 3432 Unused Serialized files (Serialized files now loaded: 0)
Unloading 19 unused Assets / (25.3 KB). Loaded Objects now: 3981.
Memory consumption went from 135.5 MB to 135.5 MB.
Total: 2.651500 ms (FindLiveObjects: 0.244900 ms CreateObjectMapping: 0.124500 ms MarkObjects: 2.250800 ms  DeleteObjects: 0.029900 ms)

AssetImportParameters requested are different than current active one (requested -> active):
  custom:video-decoder-ogg-theora: a1e56fd34408186e4bbccfd4996cb3dc -> 
  custom:container-muxer-webm: aa71ff27fc2769a1b78a27578f13a17b -> 
  custom:container-demuxer-webm: 4f35f7cbe854078d1ac9338744f61a02 -> 
  custom:video-encoder-webm-vp8: eb34c28f22e8b96e1ab97ce403110664 -> 
  custom:audio-encoder-webm-vorbis: bf7c407c2cedff20999df2af8eb42d56 -> 
  custom:framework-win-MediaFoundation: 216162199b28c13a410421893ffa2e32 -> 
  custom:container-demuxer-ogg: 62fdf1f143b41e24485cea50d1cbac27 -> 
  custom:video-decoder-webm-vp8: 9c59270c3fd7afecdb556c50c9e8de78 -> 
  custom:audio-decoder-ogg-vorbis: bf7c407c2cedff20999df2af8eb42d56 -> 
========================================================================
Received Import Request.
  Time since last request: 56.030427 seconds.
  path: Assets/Enemies/SnakeGenerator.prefab
  artifactKey: Guid(2cdf573eb6b9af44a93741470297c675) Importer(815301076,1909f56bfc062723c751e8b465ee728b)
Start importing Assets/Enemies/SnakeGenerator.prefab using Guid(2cdf573eb6b9af44a93741470297c675) Importer(815301076,1909f56bfc062723c751e8b465ee728b)  -> (artifact id: '271df348b94cf361644087e1a7f08dc0') in 0.085829 seconds 
========================================================================
Received Prepare
Registering precompiled user dll's ...
Registered in 0.003970 seconds.
Begin MonoManager ReloadAssembly
Symbol file LoadedFromMemory doesn't match image C:\Users\xvozi\Desktop\Unplanned obsolescence\Library\PackageCache\com.unity.visualscripting@1.7.8\Editor\VisualScripting.Core\Dependencies\YamlDotNet\Unity.VisualScripting.YamlDotNet.dll
Symbol file LoadedFromMemory doesn't match image C:\Users\xvozi\Desktop\Unplanned obsolescence\Library\PackageCache\com.unity.visualscripting@1.7.8\Editor\VisualScripting.Core\Dependencies\DotNetZip\Unity.VisualScripting.IonicZip.dll
Native extension for WindowsStandalone target not found
Refreshing native plugins compatible for Editor in 1.03 ms, found 3 plugins.
Preloading 0 native plugins for Editor in 0.00 ms.
Mono: successfully reloaded assembly
- Completed reload, in  1.074 seconds
Domain Reload Profiling:
	ReloadAssembly (1075ms)
		BeginReloadAssembly (132ms)
			ExecutionOrderSort (0ms)
			DisableScriptedObjects (4ms)
			BackupInstance (0ms)
			ReleaseScriptingObjects (0ms)
			CreateAndSetChildDomain (36ms)
		EndReloadAssembly (836ms)
			LoadAssemblies (85ms)
			RebuildTransferFunctionScriptingTraits (0ms)
			SetupTypeCache (291ms)
			ReleaseScriptCaches (2ms)
			RebuildScriptCaches (50ms)
			SetupLoadedEditorAssemblies (368ms)
				LogAssemblyErrors (0ms)
				InitializePlatformSupportModulesInManaged (14ms)
				SetLoadedEditorAssemblies (1ms)
				RefreshPlugins (1ms)
				BeforeProcessingInitializeOnLoad (74ms)
				ProcessInitializeOnLoadAttributes (247ms)
				ProcessInitializeOnLoadMethodAttributes (24ms)
				AfterProcessingInitializeOnLoad (6ms)
				EditorAssembliesLoaded (0ms)
			ExecutionOrderSort2 (0ms)
			AwakeInstancesAfterBackupRestoration (6ms)
Platform modules already initialized, skipping
Refreshing native plugins compatible for Editor in 2.52 ms, found 3 plugins.
Preloading 0 native plugins for Editor in 0.00 ms.
Unloading 3432 Unused Serialized files (Serialized files now loaded: 0)
Unloading 18 unused Assets / (24.7 KB). Loaded Objects now: 3984.
Memory consumption went from 135.6 MB to 135.5 MB.
Total: 3.779300 ms (FindLiveObjects: 0.251800 ms CreateObjectMapping: 0.123500 ms MarkObjects: 3.371900 ms  DeleteObjects: 0.030600 ms)

AssetImportParameters requested are different than current active one (requested -> active):
  custom:video-decoder-ogg-theora: a1e56fd34408186e4bbccfd4996cb3dc -> 
  custom:container-muxer-webm: aa71ff27fc2769a1b78a27578f13a17b -> 
  custom:container-demuxer-webm: 4f35f7cbe854078d1ac9338744f61a02 -> 
  custom:video-encoder-webm-vp8: eb34c28f22e8b96e1ab97ce403110664 -> 
  custom:audio-encoder-webm-vorbis: bf7c407c2cedff20999df2af8eb42d56 -> 
  custom:framework-win-MediaFoundation: 216162199b28c13a410421893ffa2e32 -> 
  custom:container-demuxer-ogg: 62fdf1f143b41e24485cea50d1cbac27 -> 
  custom:video-decoder-webm-vp8: 9c59270c3fd7afecdb556c50c9e8de78 -> 
  custom:audio-decoder-ogg-vorbis: bf7c407c2cedff20999df2af8eb42d56 -> 
========================================================================
Received Prepare
Registering precompiled user dll's ...
Registered in 0.004234 seconds.
Begin MonoManager ReloadAssembly
Symbol file LoadedFromMemory doesn't match image C:\Users\xvozi\Desktop\Unplanned obsolescence\Library\PackageCache\com.unity.visualscripting@1.7.8\Editor\VisualScripting.Core\Dependencies\YamlDotNet\Unity.VisualScripting.YamlDotNet.dll
Symbol file LoadedFromMemory doesn't match image C:\Users\xvozi\Desktop\Unplanned obsolescence\Library\PackageCache\com.unity.visualscripting@1.7.8\Editor\VisualScripting.Core\Dependencies\DotNetZip\Unity.VisualScripting.IonicZip.dll
Native extension for WindowsStandalone target not found
Refreshing native plugins compatible for Editor in 0.55 ms, found 3 plugins.
Preloading 0 native plugins for Editor in 0.00 ms.
Mono: successfully reloaded assembly
- Completed reload, in  0.993 seconds
Domain Reload Profiling:
	ReloadAssembly (994ms)
		BeginReloadAssembly (127ms)
			ExecutionOrderSort (0ms)
			DisableScriptedObjects (6ms)
			BackupInstance (0ms)
			ReleaseScriptingObjects (0ms)
			CreateAndSetChildDomain (36ms)
		EndReloadAssembly (772ms)
			LoadAssemblies (78ms)
			RebuildTransferFunctionScriptingTraits (0ms)
			SetupTypeCache (309ms)
			ReleaseScriptCaches (1ms)
			RebuildScriptCaches (38ms)
			SetupLoadedEditorAssemblies (300ms)
				LogAssemblyErrors (0ms)
				InitializePlatformSupportModulesInManaged (11ms)
				SetLoadedEditorAssemblies (0ms)
				RefreshPlugins (1ms)
				BeforeProcessingInitializeOnLoad (64ms)
				ProcessInitializeOnLoadAttributes (198ms)
				ProcessInitializeOnLoadMethodAttributes (21ms)
				AfterProcessingInitializeOnLoad (5ms)
				EditorAssembliesLoaded (0ms)
			ExecutionOrderSort2 (0ms)
			AwakeInstancesAfterBackupRestoration (7ms)
Platform modules already initialized, skipping
Refreshing native plugins compatible for Editor in 1.75 ms, found 3 plugins.
Preloading 0 native plugins for Editor in 0.00 ms.
Unloading 3432 Unused Serialized files (Serialized files now loaded: 0)
Unloading 18 unused Assets / (24.8 KB). Loaded Objects now: 3987.
Memory consumption went from 135.6 MB to 135.5 MB.
Total: 2.450600 ms (FindLiveObjects: 0.243600 ms CreateObjectMapping: 0.104300 ms MarkObjects: 2.071500 ms  DeleteObjects: 0.029900 ms)

AssetImportParameters requested are different than current active one (requested -> active):
  custom:video-decoder-ogg-theora: a1e56fd34408186e4bbccfd4996cb3dc -> 
  custom:container-muxer-webm: aa71ff27fc2769a1b78a27578f13a17b -> 
  custom:container-demuxer-webm: 4f35f7cbe854078d1ac9338744f61a02 -> 
  custom:video-encoder-webm-vp8: eb34c28f22e8b96e1ab97ce403110664 -> 
  custom:audio-encoder-webm-vorbis: bf7c407c2cedff20999df2af8eb42d56 -> 
  custom:framework-win-MediaFoundation: 216162199b28c13a410421893ffa2e32 -> 
  custom:container-demuxer-ogg: 62fdf1f143b41e24485cea50d1cbac27 -> 
  custom:video-decoder-webm-vp8: 9c59270c3fd7afecdb556c50c9e8de78 -> 
  custom:audio-decoder-ogg-vorbis: bf7c407c2cedff20999df2af8eb42d56 -> 
========================================================================
Received Prepare
Registering precompiled user dll's ...
Registered in 0.004639 seconds.
Begin MonoManager ReloadAssembly
Symbol file LoadedFromMemory doesn't match image C:\Users\xvozi\Desktop\Unplanned obsolescence\Library\PackageCache\com.unity.visualscripting@1.7.8\Editor\VisualScripting.Core\Dependencies\YamlDotNet\Unity.VisualScripting.YamlDotNet.dll
Symbol file LoadedFromMemory doesn't match image C:\Users\xvozi\Desktop\Unplanned obsolescence\Library\PackageCache\com.unity.visualscripting@1.7.8\Editor\VisualScripting.Core\Dependencies\DotNetZip\Unity.VisualScripting.IonicZip.dll
Native extension for WindowsStandalone target not found
Refreshing native plugins compatible for Editor in 0.64 ms, found 3 plugins.
Preloading 0 native plugins for Editor in 0.00 ms.
Mono: successfully reloaded assembly
- Completed reload, in  1.033 seconds
Domain Reload Profiling:
	ReloadAssembly (1034ms)
		BeginReloadAssembly (123ms)
			ExecutionOrderSort (0ms)
			DisableScriptedObjects (5ms)
			BackupInstance (0ms)
			ReleaseScriptingObjects (0ms)
			CreateAndSetChildDomain (39ms)
		EndReloadAssembly (797ms)
			LoadAssemblies (73ms)
			RebuildTransferFunctionScriptingTraits (0ms)
			SetupTypeCache (291ms)
			ReleaseScriptCaches (1ms)
			RebuildScriptCaches (40ms)
			SetupLoadedEditorAssemblies (338ms)
				LogAssemblyErrors (0ms)
				InitializePlatformSupportModulesInManaged (15ms)
				SetLoadedEditorAssemblies (0ms)
				RefreshPlugins (1ms)
				BeforeProcessingInitializeOnLoad (67ms)
				ProcessInitializeOnLoadAttributes (217ms)
				ProcessInitializeOnLoadMethodAttributes (31ms)
				AfterProcessingInitializeOnLoad (6ms)
				EditorAssembliesLoaded (0ms)
			ExecutionOrderSort2 (0ms)
			AwakeInstancesAfterBackupRestoration (6ms)
Platform modules already initialized, skipping
Refreshing native plugins compatible for Editor in 1.60 ms, found 3 plugins.
Preloading 0 native plugins for Editor in 0.00 ms.
Unloading 3432 Unused Serialized files (Serialized files now loaded: 0)
Unloading 18 unused Assets / (24.7 KB). Loaded Objects now: 3990.
Memory consumption went from 135.6 MB to 135.5 MB.
Total: 3.076500 ms (FindLiveObjects: 0.262200 ms CreateObjectMapping: 0.114900 ms MarkObjects: 2.667900 ms  DeleteObjects: 0.030200 ms)

AssetImportParameters requested are different than current active one (requested -> active):
  custom:video-decoder-ogg-theora: a1e56fd34408186e4bbccfd4996cb3dc -> 
  custom:container-muxer-webm: aa71ff27fc2769a1b78a27578f13a17b -> 
  custom:container-demuxer-webm: 4f35f7cbe854078d1ac9338744f61a02 -> 
  custom:video-encoder-webm-vp8: eb34c28f22e8b96e1ab97ce403110664 -> 
  custom:audio-encoder-webm-vorbis: bf7c407c2cedff20999df2af8eb42d56 -> 
  custom:framework-win-MediaFoundation: 216162199b28c13a410421893ffa2e32 -> 
  custom:container-demuxer-ogg: 62fdf1f143b41e24485cea50d1cbac27 -> 
  custom:video-decoder-webm-vp8: 9c59270c3fd7afecdb556c50c9e8de78 -> 
  custom:audio-decoder-ogg-vorbis: bf7c407c2cedff20999df2af8eb42d56 -> 
========================================================================
Received Import Request.
  Time since last request: 47.293233 seconds.
  path: Assets/Enemies/SnakeGenerator.prefab
  artifactKey: Guid(2cdf573eb6b9af44a93741470297c675) Importer(815301076,1909f56bfc062723c751e8b465ee728b)
Start importing Assets/Enemies/SnakeGenerator.prefab using Guid(2cdf573eb6b9af44a93741470297c675) Importer(815301076,1909f56bfc062723c751e8b465ee728b)  -> (artifact id: '781410bc3afb9e54ffb83eb93b9df0f1') in 0.114086 seconds 
========================================================================
Received Prepare
Registering precompiled user dll's ...
Registered in 0.004094 seconds.
Begin MonoManager ReloadAssembly
Symbol file LoadedFromMemory doesn't match image C:\Users\xvozi\Desktop\Unplanned obsolescence\Library\PackageCache\com.unity.visualscripting@1.7.8\Editor\VisualScripting.Core\Dependencies\YamlDotNet\Unity.VisualScripting.YamlDotNet.dll
Symbol file LoadedFromMemory doesn't match image C:\Users\xvozi\Desktop\Unplanned obsolescence\Library\PackageCache\com.unity.visualscripting@1.7.8\Editor\VisualScripting.Core\Dependencies\DotNetZip\Unity.VisualScripting.IonicZip.dll
Native extension for WindowsStandalone target not found
Refreshing native plugins compatible for Editor in 0.50 ms, found 3 plugins.
Preloading 0 native plugins for Editor in 0.00 ms.
Mono: successfully reloaded assembly
- Completed reload, in  1.084 seconds
Domain Reload Profiling:
	ReloadAssembly (1084ms)
		BeginReloadAssembly (144ms)
			ExecutionOrderSort (0ms)
			DisableScriptedObjects (4ms)
			BackupInstance (0ms)
			ReleaseScriptingObjects (0ms)
			CreateAndSetChildDomain (42ms)
		EndReloadAssembly (833ms)
			LoadAssemblies (102ms)
			RebuildTransferFunctionScriptingTraits (0ms)
			SetupTypeCache (360ms)
			ReleaseScriptCaches (1ms)
			RebuildScriptCaches (36ms)
			SetupLoadedEditorAssemblies (301ms)
				LogAssemblyErrors (0ms)
				InitializePlatformSupportModulesInManaged (12ms)
				SetLoadedEditorAssemblies (0ms)
				RefreshPlugins (1ms)
				BeforeProcessingInitializeOnLoad (60ms)
				ProcessInitializeOnLoadAttributes (202ms)
				ProcessInitializeOnLoadMethodAttributes (21ms)
				AfterProcessingInitializeOnLoad (6ms)
				EditorAssembliesLoaded (0ms)
			ExecutionOrderSort2 (0ms)
			AwakeInstancesAfterBackupRestoration (6ms)
Platform modules already initialized, skipping
Refreshing native plugins compatible for Editor in 2.54 ms, found 3 plugins.
Preloading 0 native plugins for Editor in 0.00 ms.
Unloading 3432 Unused Serialized files (Serialized files now loaded: 0)
Unloading 18 unused Assets / (24.6 KB). Loaded Objects now: 3993.
Memory consumption went from 135.6 MB to 135.6 MB.
Total: 3.580200 ms (FindLiveObjects: 0.328500 ms CreateObjectMapping: 0.108400 ms MarkObjects: 3.093600 ms  DeleteObjects: 0.048000 ms)

AssetImportParameters requested are different than current active one (requested -> active):
  custom:video-decoder-ogg-theora: a1e56fd34408186e4bbccfd4996cb3dc -> 
  custom:container-muxer-webm: aa71ff27fc2769a1b78a27578f13a17b -> 
  custom:container-demuxer-webm: 4f35f7cbe854078d1ac9338744f61a02 -> 
  custom:video-encoder-webm-vp8: eb34c28f22e8b96e1ab97ce403110664 -> 
  custom:audio-encoder-webm-vorbis: bf7c407c2cedff20999df2af8eb42d56 -> 
  custom:framework-win-MediaFoundation: 216162199b28c13a410421893ffa2e32 -> 
  custom:container-demuxer-ogg: 62fdf1f143b41e24485cea50d1cbac27 -> 
  custom:video-decoder-webm-vp8: 9c59270c3fd7afecdb556c50c9e8de78 -> 
  custom:audio-decoder-ogg-vorbis: bf7c407c2cedff20999df2af8eb42d56 -> 
========================================================================
Received Import Request.
  Time since last request: 134.400393 seconds.
  path: Assets/Enemies/SnakeGeneratorShooting.prefab
  artifactKey: Guid(2cdf573eb6b9af44a93741470297c675) Importer(815301076,1909f56bfc062723c751e8b465ee728b)
Start importing Assets/Enemies/SnakeGeneratorShooting.prefab using Guid(2cdf573eb6b9af44a93741470297c675) Importer(815301076,1909f56bfc062723c751e8b465ee728b)  -> (artifact id: '8d5e841121e3d41681f22862a515d65b') in 0.142116 seconds 
========================================================================
Received Import Request.
  Time since last request: 5.707890 seconds.
  path: Assets/Enemies/SnakeGeneratorShooting.prefab
  artifactKey: Guid(2cdf573eb6b9af44a93741470297c675) Importer(815301076,1909f56bfc062723c751e8b465ee728b)
Start importing Assets/Enemies/SnakeGeneratorShooting.prefab using Guid(2cdf573eb6b9af44a93741470297c675) Importer(815301076,1909f56bfc062723c751e8b465ee728b)  -> (artifact id: 'eebd6389906865da97f257b9c9ebe227') in 0.036152 seconds 
========================================================================
Received Import Request.
  Time since last request: 2.558171 seconds.
  path: Assets/Enemies/SnakeGeneratorShooting.prefab
  artifactKey: Guid(2cdf573eb6b9af44a93741470297c675) Importer(815301076,1909f56bfc062723c751e8b465ee728b)
Start importing Assets/Enemies/SnakeGeneratorShooting.prefab using Guid(2cdf573eb6b9af44a93741470297c675) Importer(815301076,1909f56bfc062723c751e8b465ee728b)  -> (artifact id: '61bb931a3bde87cf80f4392ba384c25f') in 0.035009 seconds 
========================================================================
Received Import Request.
  Time since last request: 2.726558 seconds.
  path: Assets/Projectiles/EnemyProjectiles/SpawnerBossShooting.prefab
  artifactKey: Guid(4b8f6e7a48fe6b64a9be5253a6978e18) Importer(815301076,1909f56bfc062723c751e8b465ee728b)
Start importing Assets/Projectiles/EnemyProjectiles/SpawnerBossShooting.prefab using Guid(4b8f6e7a48fe6b64a9be5253a6978e18) Importer(815301076,1909f56bfc062723c751e8b465ee728b)  -> (artifact id: '211b78d99bfec58ddf92009737322977') in 0.049764 seconds 
========================================================================
Received Prepare
Registering precompiled user dll's ...
Registered in 0.003968 seconds.
Begin MonoManager ReloadAssembly
Symbol file LoadedFromMemory doesn't match image C:\Users\xvozi\Desktop\Unplanned obsolescence\Library\PackageCache\com.unity.visualscripting@1.7.8\Editor\VisualScripting.Core\Dependencies\YamlDotNet\Unity.VisualScripting.YamlDotNet.dll
Symbol file LoadedFromMemory doesn't match image C:\Users\xvozi\Desktop\Unplanned obsolescence\Library\PackageCache\com.unity.visualscripting@1.7.8\Editor\VisualScripting.Core\Dependencies\DotNetZip\Unity.VisualScripting.IonicZip.dll
Native extension for WindowsStandalone target not found
Refreshing native plugins compatible for Editor in 0.66 ms, found 3 plugins.
Preloading 0 native plugins for Editor in 0.00 ms.
Mono: successfully reloaded assembly
- Completed reload, in  1.027 seconds
Domain Reload Profiling:
	ReloadAssembly (1028ms)
		BeginReloadAssembly (126ms)
			ExecutionOrderSort (0ms)
			DisableScriptedObjects (5ms)
			BackupInstance (0ms)
			ReleaseScriptingObjects (0ms)
			CreateAndSetChildDomain (40ms)
		EndReloadAssembly (811ms)
			LoadAssemblies (78ms)
			RebuildTransferFunctionScriptingTraits (0ms)
			SetupTypeCache (288ms)
			ReleaseScriptCaches (1ms)
			RebuildScriptCaches (41ms)
			SetupLoadedEditorAssemblies (350ms)
				LogAssemblyErrors (0ms)
				InitializePlatformSupportModulesInManaged (12ms)
				SetLoadedEditorAssemblies (1ms)
				RefreshPlugins (1ms)
				BeforeProcessingInitializeOnLoad (78ms)
				ProcessInitializeOnLoadAttributes (228ms)
				ProcessInitializeOnLoadMethodAttributes (26ms)
				AfterProcessingInitializeOnLoad (5ms)
				EditorAssembliesLoaded (0ms)
			ExecutionOrderSort2 (0ms)
			AwakeInstancesAfterBackupRestoration (8ms)
Platform modules already initialized, skipping
Refreshing native plugins compatible for Editor in 1.94 ms, found 3 plugins.
Preloading 0 native plugins for Editor in 0.00 ms.
Unloading 3432 Unused Serialized files (Serialized files now loaded: 0)
Unloading 19 unused Assets / (25.4 KB). Loaded Objects now: 3996.
Memory consumption went from 135.6 MB to 135.6 MB.
Total: 3.877300 ms (FindLiveObjects: 0.391900 ms CreateObjectMapping: 0.215200 ms MarkObjects: 3.236700 ms  DeleteObjects: 0.032300 ms)

AssetImportParameters requested are different than current active one (requested -> active):
  custom:video-decoder-ogg-theora: a1e56fd34408186e4bbccfd4996cb3dc -> 
  custom:container-muxer-webm: aa71ff27fc2769a1b78a27578f13a17b -> 
  custom:container-demuxer-webm: 4f35f7cbe854078d1ac9338744f61a02 -> 
  custom:video-encoder-webm-vp8: eb34c28f22e8b96e1ab97ce403110664 -> 
  custom:audio-encoder-webm-vorbis: bf7c407c2cedff20999df2af8eb42d56 -> 
  custom:framework-win-MediaFoundation: 216162199b28c13a410421893ffa2e32 -> 
  custom:container-demuxer-ogg: 62fdf1f143b41e24485cea50d1cbac27 -> 
  custom:video-decoder-webm-vp8: 9c59270c3fd7afecdb556c50c9e8de78 -> 
  custom:audio-decoder-ogg-vorbis: bf7c407c2cedff20999df2af8eb42d56 -> 
========================================================================
Received Import Request.
  Time since last request: 42.009689 seconds.
  path: Assets/Projectiles/EnemyProjectiles/SnakeAdvancedEnemy 1.prefab
  artifactKey: Guid(41da71b0d82574147842a91a597b430a) Importer(815301076,1909f56bfc062723c751e8b465ee728b)
Start importing Assets/Projectiles/EnemyProjectiles/SnakeAdvancedEnemy 1.prefab using Guid(41da71b0d82574147842a91a597b430a) Importer(815301076,1909f56bfc062723c751e8b465ee728b)  -> (artifact id: '56d6995aa3ab716fa614bddd682a7ef9') in 0.099592 seconds 
========================================================================
Received Import Request.
  Time since last request: 11.553999 seconds.
  path: Assets/Projectiles/EnemyProjectiles/SnakeGeneratorEnemy.prefab
  artifactKey: Guid(41da71b0d82574147842a91a597b430a) Importer(815301076,1909f56bfc062723c751e8b465ee728b)
Start importing Assets/Projectiles/EnemyProjectiles/SnakeGeneratorEnemy.prefab using Guid(41da71b0d82574147842a91a597b430a) Importer(815301076,1909f56bfc062723c751e8b465ee728b)  -> (artifact id: '0fe0ed50eb534aa20f92c305ea09eb66') in 0.043855 seconds 
========================================================================
Received Import Request.
  Time since last request: 8.238784 seconds.
  path: Assets/Projectiles/EnemyProjectiles/SnakeGeneratorEnemy.prefab
  artifactKey: Guid(41da71b0d82574147842a91a597b430a) Importer(815301076,1909f56bfc062723c751e8b465ee728b)
Start importing Assets/Projectiles/EnemyProjectiles/SnakeGeneratorEnemy.prefab using Guid(41da71b0d82574147842a91a597b430a) Importer(815301076,1909f56bfc062723c751e8b465ee728b)  -> (artifact id: 'bda38d4fe0b52f2d710ce483eb5bcd5a') in 0.027179 seconds 
========================================================================
Received Import Request.
  Time since last request: 2.891124 seconds.
  path: Assets/Projectiles/EnemyProjectiles/SnakeGeneratorEnemy.prefab
  artifactKey: Guid(41da71b0d82574147842a91a597b430a) Importer(815301076,1909f56bfc062723c751e8b465ee728b)
Start importing Assets/Projectiles/EnemyProjectiles/SnakeGeneratorEnemy.prefab using Guid(41da71b0d82574147842a91a597b430a) Importer(815301076,1909f56bfc062723c751e8b465ee728b)  -> (artifact id: '82546924b48f47d20b528d0ec1036bdb') in 0.030519 seconds 
========================================================================
Received Import Request.
  Time since last request: 1.242804 seconds.
  path: Assets/Projectiles/EnemyProjectiles/SnakeGeneratorEnemy.prefab
  artifactKey: Guid(41da71b0d82574147842a91a597b430a) Importer(815301076,1909f56bfc062723c751e8b465ee728b)
Start importing Assets/Projectiles/EnemyProjectiles/SnakeGeneratorEnemy.prefab using Guid(41da71b0d82574147842a91a597b430a) Importer(815301076,1909f56bfc062723c751e8b465ee728b)  -> (artifact id: '4998290026d5fbc41b393b76bdb82234') in 0.026369 seconds 
========================================================================
Received Import Request.
  Time since last request: 4.074061 seconds.
  path: Assets/Enemies/SnakeGeneratorShooting.prefab
  artifactKey: Guid(2cdf573eb6b9af44a93741470297c675) Importer(815301076,1909f56bfc062723c751e8b465ee728b)
Start importing Assets/Enemies/SnakeGeneratorShooting.prefab using Guid(2cdf573eb6b9af44a93741470297c675) Importer(815301076,1909f56bfc062723c751e8b465ee728b)  -> (artifact id: 'b8f77a070d18faf57222a029b1e0be7d') in 0.025077 seconds 
========================================================================
Received Import Request.
  Time since last request: 3.870519 seconds.
  path: Assets/Enemies/SnakeGeneratorShooting.prefab
  artifactKey: Guid(2cdf573eb6b9af44a93741470297c675) Importer(815301076,1909f56bfc062723c751e8b465ee728b)
Start importing Assets/Enemies/SnakeGeneratorShooting.prefab using Guid(2cdf573eb6b9af44a93741470297c675) Importer(815301076,1909f56bfc062723c751e8b465ee728b)  -> (artifact id: 'b00aa69b68176d584be4c7168c8bd75d') in 0.006151 seconds 
========================================================================
Received Import Request.
  Time since last request: 0.807800 seconds.
  path: Assets/Enemies/SnakeGeneratorShooting.prefab
  artifactKey: Guid(2cdf573eb6b9af44a93741470297c675) Importer(815301076,1909f56bfc062723c751e8b465ee728b)
Start importing Assets/Enemies/SnakeGeneratorShooting.prefab using Guid(2cdf573eb6b9af44a93741470297c675) Importer(815301076,1909f56bfc062723c751e8b465ee728b)  -> (artifact id: '389c27eccd00bae6ef7a88e64e45294e') in 0.006024 seconds 
========================================================================
Received Import Request.
  Time since last request: 4.834965 seconds.
  path: Assets/Enemies/SnakeGeneratorShooting.prefab
  artifactKey: Guid(2cdf573eb6b9af44a93741470297c675) Importer(815301076,1909f56bfc062723c751e8b465ee728b)
Start importing Assets/Enemies/SnakeGeneratorShooting.prefab using Guid(2cdf573eb6b9af44a93741470297c675) Importer(815301076,1909f56bfc062723c751e8b465ee728b)  -> (artifact id: '0ca93cf8280c8924a598a8ae325b59cf') in 0.056325 seconds 
========================================================================
Received Import Request.
  Time since last request: 2.438209 seconds.
  path: Assets/Enemies/SnakeGeneratorShooting.prefab
  artifactKey: Guid(2cdf573eb6b9af44a93741470297c675) Importer(815301076,1909f56bfc062723c751e8b465ee728b)
Start importing Assets/Enemies/SnakeGeneratorShooting.prefab using Guid(2cdf573eb6b9af44a93741470297c675) Importer(815301076,1909f56bfc062723c751e8b465ee728b)  -> (artifact id: '7c4205b4cfd3c2d832c1e9ba7f3031cc') in 0.043149 seconds 
========================================================================
Received Import Request.
  Time since last request: 1.006898 seconds.
  path: Assets/Enemies/SnakeGeneratorShooting.prefab
  artifactKey: Guid(2cdf573eb6b9af44a93741470297c675) Importer(815301076,1909f56bfc062723c751e8b465ee728b)
Start importing Assets/Enemies/SnakeGeneratorShooting.prefab using Guid(2cdf573eb6b9af44a93741470297c675) Importer(815301076,1909f56bfc062723c751e8b465ee728b)  -> (artifact id: '0adeab28a9776cab5f8729f9b3b0b871') in 0.051846 seconds 
========================================================================
Received Import Request.
  Time since last request: 0.811360 seconds.
  path: Assets/Enemies/SnakeGeneratorShooting.prefab
  artifactKey: Guid(2cdf573eb6b9af44a93741470297c675) Importer(815301076,1909f56bfc062723c751e8b465ee728b)
Start importing Assets/Enemies/SnakeGeneratorShooting.prefab using Guid(2cdf573eb6b9af44a93741470297c675) Importer(815301076,1909f56bfc062723c751e8b465ee728b)  -> (artifact id: '1d31a9a51b4d435c0a5fb397aefead71') in 0.044002 seconds 
========================================================================
Received Import Request.
  Time since last request: 3.385099 seconds.
  path: Assets/Enemies/SnakeGeneratorShooting.prefab
  artifactKey: Guid(2cdf573eb6b9af44a93741470297c675) Importer(815301076,1909f56bfc062723c751e8b465ee728b)
Start importing Assets/Enemies/SnakeGeneratorShooting.prefab using Guid(2cdf573eb6b9af44a93741470297c675) Importer(815301076,1909f56bfc062723c751e8b465ee728b)  -> (artifact id: 'acd5f50f76ee5df0203e942ffed08ace') in 0.046214 seconds 
========================================================================
Received Import Request.
  Time since last request: 12.885747 seconds.
  path: Assets/Enemies/SnakeGeneratorShooting.prefab
  artifactKey: Guid(2cdf573eb6b9af44a93741470297c675) Importer(815301076,1909f56bfc062723c751e8b465ee728b)
Start importing Assets/Enemies/SnakeGeneratorShooting.prefab using Guid(2cdf573eb6b9af44a93741470297c675) Importer(815301076,1909f56bfc062723c751e8b465ee728b)  -> (artifact id: '72b61d2c98edf838488cae8b00d8865a') in 0.007281 seconds 
========================================================================
Received Import Request.
  Time since last request: 4.110284 seconds.
  path: Assets/Enemies/SnakeGeneratorShooting.prefab
  artifactKey: Guid(2cdf573eb6b9af44a93741470297c675) Importer(815301076,1909f56bfc062723c751e8b465ee728b)
Start importing Assets/Enemies/SnakeGeneratorShooting.prefab using Guid(2cdf573eb6b9af44a93741470297c675) Importer(815301076,1909f56bfc062723c751e8b465ee728b)  -> (artifact id: 'c023a28433bf2edb954365107ae6f207') in 0.042419 seconds 
========================================================================
Received Import Request.
  Time since last request: 1.477671 seconds.
  path: Assets/Enemies/SnakeGeneratorShooting.prefab
  artifactKey: Guid(2cdf573eb6b9af44a93741470297c675) Importer(815301076,1909f56bfc062723c751e8b465ee728b)
Start importing Assets/Enemies/SnakeGeneratorShooting.prefab using Guid(2cdf573eb6b9af44a93741470297c675) Importer(815301076,1909f56bfc062723c751e8b465ee728b)  -> (artifact id: '27856ad2c05235035fd0bc0fe4e985a8') in 0.027477 seconds 
========================================================================
Received Import Request.
  Time since last request: 1.096920 seconds.
  path: Assets/Enemies/SnakeGeneratorShooting.prefab
  artifactKey: Guid(2cdf573eb6b9af44a93741470297c675) Importer(815301076,1909f56bfc062723c751e8b465ee728b)
Start importing Assets/Enemies/SnakeGeneratorShooting.prefab using Guid(2cdf573eb6b9af44a93741470297c675) Importer(815301076,1909f56bfc062723c751e8b465ee728b)  -> (artifact id: '0b7e0c76abacf83ff8c41cc6341eaa38') in 0.029708 seconds 
========================================================================
Received Import Request.
  Time since last request: 0.843428 seconds.
  path: Assets/Enemies/SnakeGeneratorShooting.prefab
  artifactKey: Guid(2cdf573eb6b9af44a93741470297c675) Importer(815301076,1909f56bfc062723c751e8b465ee728b)
Start importing Assets/Enemies/SnakeGeneratorShooting.prefab using Guid(2cdf573eb6b9af44a93741470297c675) Importer(815301076,1909f56bfc062723c751e8b465ee728b)  -> (artifact id: '73b6f5798c3e7697cb5779e577eaad8d') in 0.043377 seconds 
========================================================================
Received Import Request.
  Time since last request: 23.350275 seconds.
  path: Assets/Enemies/SnakeGeneratorShooting.prefab
  artifactKey: Guid(2cdf573eb6b9af44a93741470297c675) Importer(815301076,1909f56bfc062723c751e8b465ee728b)
Start importing Assets/Enemies/SnakeGeneratorShooting.prefab using Guid(2cdf573eb6b9af44a93741470297c675) Importer(815301076,1909f56bfc062723c751e8b465ee728b)  -> (artifact id: 'fc9ebd1f9264135be13e88d0baa7f68a') in 0.034443 seconds 
========================================================================
Received Import Request.
  Time since last request: 0.942371 seconds.
  path: Assets/Enemies/SnakeGeneratorShooting.prefab
  artifactKey: Guid(2cdf573eb6b9af44a93741470297c675) Importer(815301076,1909f56bfc062723c751e8b465ee728b)
Start importing Assets/Enemies/SnakeGeneratorShooting.prefab using Guid(2cdf573eb6b9af44a93741470297c675) Importer(815301076,1909f56bfc062723c751e8b465ee728b)  -> (artifact id: '3619eb3fb40f7d1145bbd1276910a88b') in 0.020772 seconds 
========================================================================
Received Prepare
Registering precompiled user dll's ...
Registered in 0.005247 seconds.
Begin MonoManager ReloadAssembly
Symbol file LoadedFromMemory doesn't match image C:\Users\xvozi\Desktop\Unplanned obsolescence\Library\PackageCache\com.unity.visualscripting@1.7.8\Editor\VisualScripting.Core\Dependencies\YamlDotNet\Unity.VisualScripting.YamlDotNet.dll
Symbol file LoadedFromMemory doesn't match image C:\Users\xvozi\Desktop\Unplanned obsolescence\Library\PackageCache\com.unity.visualscripting@1.7.8\Editor\VisualScripting.Core\Dependencies\DotNetZip\Unity.VisualScripting.IonicZip.dll
Native extension for WindowsStandalone target not found
Refreshing native plugins compatible for Editor in 0.68 ms, found 3 plugins.
Preloading 0 native plugins for Editor in 0.00 ms.
Mono: successfully reloaded assembly
- Completed reload, in  0.990 seconds
Domain Reload Profiling:
	ReloadAssembly (991ms)
		BeginReloadAssembly (134ms)
			ExecutionOrderSort (0ms)
			DisableScriptedObjects (4ms)
			BackupInstance (0ms)
			ReleaseScriptingObjects (0ms)
			CreateAndSetChildDomain (35ms)
		EndReloadAssembly (751ms)
			LoadAssemblies (88ms)
			RebuildTransferFunctionScriptingTraits (0ms)
			SetupTypeCache (300ms)
			ReleaseScriptCaches (2ms)
			RebuildScriptCaches (36ms)
			SetupLoadedEditorAssemblies (299ms)
				LogAssemblyErrors (0ms)
				InitializePlatformSupportModulesInManaged (12ms)
				SetLoadedEditorAssemblies (0ms)
				RefreshPlugins (1ms)
				BeforeProcessingInitializeOnLoad (60ms)
				ProcessInitializeOnLoadAttributes (200ms)
				ProcessInitializeOnLoadMethodAttributes (21ms)
				AfterProcessingInitializeOnLoad (5ms)
				EditorAssembliesLoaded (0ms)
			ExecutionOrderSort2 (0ms)
			AwakeInstancesAfterBackupRestoration (6ms)
Platform modules already initialized, skipping
Refreshing native plugins compatible for Editor in 1.76 ms, found 3 plugins.
Preloading 0 native plugins for Editor in 0.00 ms.
Unloading 3432 Unused Serialized files (Serialized files now loaded: 0)
Unloading 19 unused Assets / (25.3 KB). Loaded Objects now: 3999.
Memory consumption went from 135.7 MB to 135.7 MB.
Total: 3.058700 ms (FindLiveObjects: 0.244800 ms CreateObjectMapping: 0.297100 ms MarkObjects: 2.479900 ms  DeleteObjects: 0.035500 ms)

AssetImportParameters requested are different than current active one (requested -> active):
  custom:video-decoder-ogg-theora: a1e56fd34408186e4bbccfd4996cb3dc -> 
  custom:container-muxer-webm: aa71ff27fc2769a1b78a27578f13a17b -> 
  custom:container-demuxer-webm: 4f35f7cbe854078d1ac9338744f61a02 -> 
  custom:video-encoder-webm-vp8: eb34c28f22e8b96e1ab97ce403110664 -> 
  custom:audio-encoder-webm-vorbis: bf7c407c2cedff20999df2af8eb42d56 -> 
  custom:framework-win-MediaFoundation: 216162199b28c13a410421893ffa2e32 -> 
  custom:container-demuxer-ogg: 62fdf1f143b41e24485cea50d1cbac27 -> 
  custom:video-decoder-webm-vp8: 9c59270c3fd7afecdb556c50c9e8de78 -> 
  custom:audio-decoder-ogg-vorbis: bf7c407c2cedff20999df2af8eb42d56 -> 
========================================================================
Received Prepare
Registering precompiled user dll's ...
Registered in 0.006184 seconds.
Begin MonoManager ReloadAssembly
Symbol file LoadedFromMemory doesn't match image C:\Users\xvozi\Desktop\Unplanned obsolescence\Library\PackageCache\com.unity.visualscripting@1.7.8\Editor\VisualScripting.Core\Dependencies\YamlDotNet\Unity.VisualScripting.YamlDotNet.dll
Symbol file LoadedFromMemory doesn't match image C:\Users\xvozi\Desktop\Unplanned obsolescence\Library\PackageCache\com.unity.visualscripting@1.7.8\Editor\VisualScripting.Core\Dependencies\DotNetZip\Unity.VisualScripting.IonicZip.dll
Native extension for WindowsStandalone target not found
Refreshing native plugins compatible for Editor in 0.64 ms, found 3 plugins.
Preloading 0 native plugins for Editor in 0.00 ms.
Mono: successfully reloaded assembly
- Completed reload, in  1.097 seconds
Domain Reload Profiling:
	ReloadAssembly (1098ms)
		BeginReloadAssembly (148ms)
			ExecutionOrderSort (0ms)
			DisableScriptedObjects (5ms)
			BackupInstance (0ms)
			ReleaseScriptingObjects (0ms)
			CreateAndSetChildDomain (37ms)
		EndReloadAssembly (834ms)
			LoadAssemblies (96ms)
			RebuildTransferFunctionScriptingTraits (0ms)
			SetupTypeCache (304ms)
			ReleaseScriptCaches (2ms)
			RebuildScriptCaches (50ms)
			SetupLoadedEditorAssemblies (351ms)
				LogAssemblyErrors (0ms)
				InitializePlatformSupportModulesInManaged (12ms)
				SetLoadedEditorAssemblies (0ms)
				RefreshPlugins (1ms)
				BeforeProcessingInitializeOnLoad (68ms)
				ProcessInitializeOnLoadAttributes (232ms)
				ProcessInitializeOnLoadMethodAttributes (33ms)
				AfterProcessingInitializeOnLoad (5ms)
				EditorAssembliesLoaded (0ms)
			ExecutionOrderSort2 (0ms)
			AwakeInstancesAfterBackupRestoration (8ms)
Platform modules already initialized, skipping
Refreshing native plugins compatible for Editor in 2.18 ms, found 3 plugins.
Preloading 0 native plugins for Editor in 0.00 ms.
Unloading 3432 Unused Serialized files (Serialized files now loaded: 0)
Unloading 18 unused Assets / (24.8 KB). Loaded Objects now: 4002.
Memory consumption went from 135.7 MB to 135.7 MB.
Total: 4.650800 ms (FindLiveObjects: 0.460900 ms CreateObjectMapping: 0.302100 ms MarkObjects: 3.851600 ms  DeleteObjects: 0.034400 ms)

AssetImportParameters requested are different than current active one (requested -> active):
  custom:video-decoder-ogg-theora: a1e56fd34408186e4bbccfd4996cb3dc -> 
  custom:container-muxer-webm: aa71ff27fc2769a1b78a27578f13a17b -> 
  custom:container-demuxer-webm: 4f35f7cbe854078d1ac9338744f61a02 -> 
  custom:video-encoder-webm-vp8: eb34c28f22e8b96e1ab97ce403110664 -> 
  custom:audio-encoder-webm-vorbis: bf7c407c2cedff20999df2af8eb42d56 -> 
  custom:framework-win-MediaFoundation: 216162199b28c13a410421893ffa2e32 -> 
  custom:container-demuxer-ogg: 62fdf1f143b41e24485cea50d1cbac27 -> 
  custom:video-decoder-webm-vp8: 9c59270c3fd7afecdb556c50c9e8de78 -> 
  custom:audio-decoder-ogg-vorbis: bf7c407c2cedff20999df2af8eb42d56 -> 
========================================================================
Received Prepare
Registering precompiled user dll's ...
Registered in 0.005638 seconds.
Begin MonoManager ReloadAssembly
Symbol file LoadedFromMemory doesn't match image C:\Users\xvozi\Desktop\Unplanned obsolescence\Library\PackageCache\com.unity.visualscripting@1.7.8\Editor\VisualScripting.Core\Dependencies\YamlDotNet\Unity.VisualScripting.YamlDotNet.dll
Symbol file LoadedFromMemory doesn't match image C:\Users\xvozi\Desktop\Unplanned obsolescence\Library\PackageCache\com.unity.visualscripting@1.7.8\Editor\VisualScripting.Core\Dependencies\DotNetZip\Unity.VisualScripting.IonicZip.dll
Native extension for WindowsStandalone target not found
Refreshing native plugins compatible for Editor in 0.95 ms, found 3 plugins.
Preloading 0 native plugins for Editor in 0.00 ms.
Mono: successfully reloaded assembly
- Completed reload, in  1.143 seconds
Domain Reload Profiling:
	ReloadAssembly (1144ms)
		BeginReloadAssembly (129ms)
			ExecutionOrderSort (0ms)
			DisableScriptedObjects (7ms)
			BackupInstance (0ms)
			ReleaseScriptingObjects (0ms)
			CreateAndSetChildDomain (34ms)
		EndReloadAssembly (916ms)
			LoadAssemblies (83ms)
			RebuildTransferFunctionScriptingTraits (0ms)
			SetupTypeCache (293ms)
			ReleaseScriptCaches (1ms)
			RebuildScriptCaches (41ms)
			SetupLoadedEditorAssemblies (435ms)
				LogAssemblyErrors (0ms)
				InitializePlatformSupportModulesInManaged (16ms)
				SetLoadedEditorAssemblies (1ms)
				RefreshPlugins (1ms)
				BeforeProcessingInitializeOnLoad (79ms)
				ProcessInitializeOnLoadAttributes (302ms)
				ProcessInitializeOnLoadMethodAttributes (30ms)
				AfterProcessingInitializeOnLoad (6ms)
				EditorAssembliesLoaded (0ms)
			ExecutionOrderSort2 (0ms)
			AwakeInstancesAfterBackupRestoration (8ms)
Platform modules already initialized, skipping
Refreshing native plugins compatible for Editor in 1.58 ms, found 3 plugins.
Preloading 0 native plugins for Editor in 0.00 ms.
Unloading 3432 Unused Serialized files (Serialized files now loaded: 0)
Unloading 18 unused Assets / (24.7 KB). Loaded Objects now: 4005.
Memory consumption went from 135.7 MB to 135.7 MB.
Total: 2.987800 ms (FindLiveObjects: 0.311100 ms CreateObjectMapping: 0.136100 ms MarkObjects: 2.510100 ms  DeleteObjects: 0.029500 ms)

AssetImportParameters requested are different than current active one (requested -> active):
  custom:video-decoder-ogg-theora: a1e56fd34408186e4bbccfd4996cb3dc -> 
  custom:container-muxer-webm: aa71ff27fc2769a1b78a27578f13a17b -> 
  custom:container-demuxer-webm: 4f35f7cbe854078d1ac9338744f61a02 -> 
  custom:video-encoder-webm-vp8: eb34c28f22e8b96e1ab97ce403110664 -> 
  custom:audio-encoder-webm-vorbis: bf7c407c2cedff20999df2af8eb42d56 -> 
  custom:framework-win-MediaFoundation: 216162199b28c13a410421893ffa2e32 -> 
  custom:container-demuxer-ogg: 62fdf1f143b41e24485cea50d1cbac27 -> 
  custom:video-decoder-webm-vp8: 9c59270c3fd7afecdb556c50c9e8de78 -> 
  custom:audio-decoder-ogg-vorbis: bf7c407c2cedff20999df2af8eb42d56 -> 
========================================================================
Received Prepare
Registering precompiled user dll's ...
Registered in 0.004873 seconds.
Begin MonoManager ReloadAssembly
Symbol file LoadedFromMemory doesn't match image C:\Users\xvozi\Desktop\Unplanned obsolescence\Library\PackageCache\com.unity.visualscripting@1.7.8\Editor\VisualScripting.Core\Dependencies\YamlDotNet\Unity.VisualScripting.YamlDotNet.dll
Symbol file LoadedFromMemory doesn't match image C:\Users\xvozi\Desktop\Unplanned obsolescence\Library\PackageCache\com.unity.visualscripting@1.7.8\Editor\VisualScripting.Core\Dependencies\DotNetZip\Unity.VisualScripting.IonicZip.dll
Native extension for WindowsStandalone target not found
Refreshing native plugins compatible for Editor in 0.94 ms, found 3 plugins.
Preloading 0 native plugins for Editor in 0.00 ms.
Mono: successfully reloaded assembly
- Completed reload, in  1.045 seconds
Domain Reload Profiling:
	ReloadAssembly (1046ms)
		BeginReloadAssembly (131ms)
			ExecutionOrderSort (0ms)
			DisableScriptedObjects (7ms)
			BackupInstance (0ms)
			ReleaseScriptingObjects (0ms)
			CreateAndSetChildDomain (37ms)
		EndReloadAssembly (816ms)
			LoadAssemblies (82ms)
			RebuildTransferFunctionScriptingTraits (0ms)
			SetupTypeCache (301ms)
			ReleaseScriptCaches (1ms)
			RebuildScriptCaches (41ms)
			SetupLoadedEditorAssemblies (343ms)
				LogAssemblyErrors (0ms)
				InitializePlatformSupportModulesInManaged (13ms)
				SetLoadedEditorAssemblies (1ms)
				RefreshPlugins (1ms)
				BeforeProcessingInitializeOnLoad (69ms)
				ProcessInitializeOnLoadAttributes (225ms)
				ProcessInitializeOnLoadMethodAttributes (28ms)
				AfterProcessingInitializeOnLoad (6ms)
				EditorAssembliesLoaded (0ms)
			ExecutionOrderSort2 (0ms)
			AwakeInstancesAfterBackupRestoration (7ms)
Platform modules already initialized, skipping
Refreshing native plugins compatible for Editor in 2.67 ms, found 3 plugins.
Preloading 0 native plugins for Editor in 0.00 ms.
Unloading 3432 Unused Serialized files (Serialized files now loaded: 0)
Unloading 18 unused Assets / (24.7 KB). Loaded Objects now: 4008.
Memory consumption went from 135.7 MB to 135.7 MB.
Total: 3.174700 ms (FindLiveObjects: 0.267800 ms CreateObjectMapping: 0.166700 ms MarkObjects: 2.709400 ms  DeleteObjects: 0.029700 ms)

AssetImportParameters requested are different than current active one (requested -> active):
  custom:video-decoder-ogg-theora: a1e56fd34408186e4bbccfd4996cb3dc -> 
  custom:container-muxer-webm: aa71ff27fc2769a1b78a27578f13a17b -> 
  custom:container-demuxer-webm: 4f35f7cbe854078d1ac9338744f61a02 -> 
  custom:video-encoder-webm-vp8: eb34c28f22e8b96e1ab97ce403110664 -> 
  custom:audio-encoder-webm-vorbis: bf7c407c2cedff20999df2af8eb42d56 -> 
  custom:framework-win-MediaFoundation: 216162199b28c13a410421893ffa2e32 -> 
  custom:container-demuxer-ogg: 62fdf1f143b41e24485cea50d1cbac27 -> 
  custom:video-decoder-webm-vp8: 9c59270c3fd7afecdb556c50c9e8de78 -> 
  custom:audio-decoder-ogg-vorbis: bf7c407c2cedff20999df2af8eb42d56 -> 
========================================================================
Received Prepare
Registering precompiled user dll's ...
Registered in 0.006555 seconds.
Begin MonoManager ReloadAssembly
Symbol file LoadedFromMemory doesn't match image C:\Users\xvozi\Desktop\Unplanned obsolescence\Library\PackageCache\com.unity.visualscripting@1.7.8\Editor\VisualScripting.Core\Dependencies\YamlDotNet\Unity.VisualScripting.YamlDotNet.dll
Symbol file LoadedFromMemory doesn't match image C:\Users\xvozi\Desktop\Unplanned obsolescence\Library\PackageCache\com.unity.visualscripting@1.7.8\Editor\VisualScripting.Core\Dependencies\DotNetZip\Unity.VisualScripting.IonicZip.dll
Native extension for WindowsStandalone target not found
Refreshing native plugins compatible for Editor in 0.73 ms, found 3 plugins.
Preloading 0 native plugins for Editor in 0.00 ms.
Mono: successfully reloaded assembly
- Completed reload, in  1.548 seconds
Domain Reload Profiling:
	ReloadAssembly (1549ms)
		BeginReloadAssembly (261ms)
			ExecutionOrderSort (0ms)
			DisableScriptedObjects (10ms)
			BackupInstance (0ms)
			ReleaseScriptingObjects (1ms)
			CreateAndSetChildDomain (71ms)
		EndReloadAssembly (1150ms)
			LoadAssemblies (157ms)
			RebuildTransferFunctionScriptingTraits (0ms)
			SetupTypeCache (427ms)
			ReleaseScriptCaches (3ms)
			RebuildScriptCaches (65ms)
			SetupLoadedEditorAssemblies (484ms)
				LogAssemblyErrors (0ms)
				InitializePlatformSupportModulesInManaged (16ms)
				SetLoadedEditorAssemblies (1ms)
				RefreshPlugins (1ms)
				BeforeProcessingInitializeOnLoad (88ms)
				ProcessInitializeOnLoadAttributes (215ms)
				ProcessInitializeOnLoadMethodAttributes (159ms)
				AfterProcessingInitializeOnLoad (6ms)
				EditorAssembliesLoaded (0ms)
			ExecutionOrderSort2 (0ms)
			AwakeInstancesAfterBackupRestoration (9ms)
Platform modules already initialized, skipping
Refreshing native plugins compatible for Editor in 1.97 ms, found 3 plugins.
Preloading 0 native plugins for Editor in 0.00 ms.
Unloading 3432 Unused Serialized files (Serialized files now loaded: 0)
Unloading 18 unused Assets / (24.7 KB). Loaded Objects now: 4011.
Memory consumption went from 135.7 MB to 135.7 MB.
Total: 5.909400 ms (FindLiveObjects: 0.285800 ms CreateObjectMapping: 0.105800 ms MarkObjects: 5.445100 ms  DeleteObjects: 0.071500 ms)

AssetImportParameters requested are different than current active one (requested -> active):
  custom:video-decoder-ogg-theora: a1e56fd34408186e4bbccfd4996cb3dc -> 
  custom:container-muxer-webm: aa71ff27fc2769a1b78a27578f13a17b -> 
  custom:container-demuxer-webm: 4f35f7cbe854078d1ac9338744f61a02 -> 
  custom:video-encoder-webm-vp8: eb34c28f22e8b96e1ab97ce403110664 -> 
  custom:audio-encoder-webm-vorbis: bf7c407c2cedff20999df2af8eb42d56 -> 
  custom:framework-win-MediaFoundation: 216162199b28c13a410421893ffa2e32 -> 
  custom:container-demuxer-ogg: 62fdf1f143b41e24485cea50d1cbac27 -> 
  custom:video-decoder-webm-vp8: 9c59270c3fd7afecdb556c50c9e8de78 -> 
  custom:audio-decoder-ogg-vorbis: bf7c407c2cedff20999df2af8eb42d56 -> 
========================================================================
Received Import Request.
  Time since last request: 186.089895 seconds.
  path: Assets/Enemies/SnakeGeneratorShooting.prefab
  artifactKey: Guid(2cdf573eb6b9af44a93741470297c675) Importer(815301076,1909f56bfc062723c751e8b465ee728b)
Start importing Assets/Enemies/SnakeGeneratorShooting.prefab using Guid(2cdf573eb6b9af44a93741470297c675) Importer(815301076,1909f56bfc062723c751e8b465ee728b)  -> (artifact id: '540fce3736a40c20fb01cb9b7a4e6664') in 0.053998 seconds 
========================================================================
Received Import Request.
  Time since last request: 2.093728 seconds.
  path: Assets/Enemies/SnakeGeneratorShooting.prefab
  artifactKey: Guid(2cdf573eb6b9af44a93741470297c675) Importer(815301076,1909f56bfc062723c751e8b465ee728b)
Start importing Assets/Enemies/SnakeGeneratorShooting.prefab using Guid(2cdf573eb6b9af44a93741470297c675) Importer(815301076,1909f56bfc062723c751e8b465ee728b)  -> (artifact id: '05fd4ec0733562627e4338931c893eb0') in 0.083215 seconds 
========================================================================
Received Import Request.
  Time since last request: 14.936546 seconds.
  path: Assets/Enemies/SnakeGeneratorShooting.prefab
  artifactKey: Guid(2cdf573eb6b9af44a93741470297c675) Importer(815301076,1909f56bfc062723c751e8b465ee728b)
Start importing Assets/Enemies/SnakeGeneratorShooting.prefab using Guid(2cdf573eb6b9af44a93741470297c675) Importer(815301076,1909f56bfc062723c751e8b465ee728b)  -> (artifact id: '4919a449bff538bd74e3d20805443ad7') in 0.046222 seconds 
========================================================================
Received Import Request.
  Time since last request: 1.498371 seconds.
  path: Assets/Enemies/SnakeGeneratorShooting.prefab
  artifactKey: Guid(2cdf573eb6b9af44a93741470297c675) Importer(815301076,1909f56bfc062723c751e8b465ee728b)
Start importing Assets/Enemies/SnakeGeneratorShooting.prefab using Guid(2cdf573eb6b9af44a93741470297c675) Importer(815301076,1909f56bfc062723c751e8b465ee728b)  -> (artifact id: '7c03dcb7a565d6608c383ef32ed6b41b') in 0.040356 seconds 
========================================================================
Received Import Request.
  Time since last request: 0.845093 seconds.
  path: Assets/Enemies/SnakeGeneratorShooting.prefab
  artifactKey: Guid(2cdf573eb6b9af44a93741470297c675) Importer(815301076,1909f56bfc062723c751e8b465ee728b)
Start importing Assets/Enemies/SnakeGeneratorShooting.prefab using Guid(2cdf573eb6b9af44a93741470297c675) Importer(815301076,1909f56bfc062723c751e8b465ee728b)  -> (artifact id: '54b6259c4a690138a1c1eca60d6c09fa') in 0.034136 seconds 
========================================================================
Received Import Request.
  Time since last request: 1.037707 seconds.
  path: Assets/Enemies/SnakeGeneratorShooting.prefab
  artifactKey: Guid(2cdf573eb6b9af44a93741470297c675) Importer(815301076,1909f56bfc062723c751e8b465ee728b)
Start importing Assets/Enemies/SnakeGeneratorShooting.prefab using Guid(2cdf573eb6b9af44a93741470297c675) Importer(815301076,1909f56bfc062723c751e8b465ee728b)  -> (artifact id: '5d6a5032d5f588ed1c1d774f73b368a1') in 0.035092 seconds 
========================================================================
Received Import Request.
  Time since last request: 12.784017 seconds.
  path: Assets/Enemies/SnakeGeneratorShooting.prefab
  artifactKey: Guid(2cdf573eb6b9af44a93741470297c675) Importer(815301076,1909f56bfc062723c751e8b465ee728b)
Start importing Assets/Enemies/SnakeGeneratorShooting.prefab using Guid(2cdf573eb6b9af44a93741470297c675) Importer(815301076,1909f56bfc062723c751e8b465ee728b)  -> (artifact id: 'e43897f2c40099d18bbc4cfaf93d62c3') in 0.038543 seconds 
========================================================================
Received Import Request.
  Time since last request: 2.547826 seconds.
  path: Assets/Enemies/SnakeGeneratorShooting.prefab
  artifactKey: Guid(2cdf573eb6b9af44a93741470297c675) Importer(815301076,1909f56bfc062723c751e8b465ee728b)
Start importing Assets/Enemies/SnakeGeneratorShooting.prefab using Guid(2cdf573eb6b9af44a93741470297c675) Importer(815301076,1909f56bfc062723c751e8b465ee728b)  -> (artifact id: '9f3a1cf36ef26818adf1ca32cfdff611') in 0.054028 seconds 
========================================================================
Received Import Request.
  Time since last request: 1.660474 seconds.
  path: Assets/Enemies/SnakeGeneratorShooting.prefab
  artifactKey: Guid(2cdf573eb6b9af44a93741470297c675) Importer(815301076,1909f56bfc062723c751e8b465ee728b)
Start importing Assets/Enemies/SnakeGeneratorShooting.prefab using Guid(2cdf573eb6b9af44a93741470297c675) Importer(815301076,1909f56bfc062723c751e8b465ee728b)  -> (artifact id: '688ba823107397147e1e38afcdb50c06') in 0.060400 seconds 
========================================================================
Received Import Request.
  Time since last request: 0.825104 seconds.
  path: Assets/Enemies/SnakeGeneratorShooting.prefab
  artifactKey: Guid(2cdf573eb6b9af44a93741470297c675) Importer(815301076,1909f56bfc062723c751e8b465ee728b)
Start importing Assets/Enemies/SnakeGeneratorShooting.prefab using Guid(2cdf573eb6b9af44a93741470297c675) Importer(815301076,1909f56bfc062723c751e8b465ee728b)  -> (artifact id: '3645a4b7fbf6edfdf1f6eb49cdc9f5cb') in 0.058943 seconds 
========================================================================
Received Import Request.
  Time since last request: 1.402207 seconds.
  path: Assets/Enemies/SnakeGeneratorShooting.prefab
  artifactKey: Guid(2cdf573eb6b9af44a93741470297c675) Importer(815301076,1909f56bfc062723c751e8b465ee728b)
Start importing Assets/Enemies/SnakeGeneratorShooting.prefab using Guid(2cdf573eb6b9af44a93741470297c675) Importer(815301076,1909f56bfc062723c751e8b465ee728b)  -> (artifact id: '189af40c0c5524362046227f2dfd6d24') in 0.067996 seconds 
